[debug] [2024-11-02T18:17:06.120Z] ----------------------------------------------------------------------
[debug] [2024-11-02T18:17:06.122Z] Command:       /usr/local/Cellar/node/22.9.0_1/bin/node /usr/local/bin/firebase deploy --only functions
[debug] [2024-11-02T18:17:06.123Z] CLI Version:   13.22.0
[debug] [2024-11-02T18:17:06.123Z] Platform:      darwin
[debug] [2024-11-02T18:17:06.123Z] Node Version:  v22.9.0
[debug] [2024-11-02T18:17:06.124Z] Time:          Sat Nov 02 2024 14:17:06 GMT-0400 (Eastern Daylight Time)
[debug] [2024-11-02T18:17:06.125Z] ----------------------------------------------------------------------
[debug] 
[debug] [2024-11-02T18:17:06.186Z] > command requires scopes: ["email","openid","https://www.googleapis.com/auth/cloudplatformprojects.readonly","https://www.googleapis.com/auth/firebase","https://www.googleapis.com/auth/cloud-platform"]
[debug] [2024-11-02T18:17:06.187Z] > authorizing via signed-in user (jasmine.nackash@gmail.com)
[debug] [2024-11-02T18:17:06.187Z] [iam] checking project theredline-jn for permissions ["cloudfunctions.functions.create","cloudfunctions.functions.delete","cloudfunctions.functions.get","cloudfunctions.functions.list","cloudfunctions.functions.update","cloudfunctions.operations.get","firebase.projects.get"]
[debug] [2024-11-02T18:17:06.188Z] Checked if tokens are valid: true, expires at: 1730574445631
[debug] [2024-11-02T18:17:06.189Z] Checked if tokens are valid: true, expires at: 1730574445631
[debug] [2024-11-02T18:17:06.189Z] >>> [apiv2][query] POST https://cloudresourcemanager.googleapis.com/v1/projects/theredline-jn:testIamPermissions [none]
[debug] [2024-11-02T18:17:06.189Z] >>> [apiv2][(partial)header] POST https://cloudresourcemanager.googleapis.com/v1/projects/theredline-jn:testIamPermissions x-goog-quota-user=projects/theredline-jn
[debug] [2024-11-02T18:17:06.189Z] >>> [apiv2][body] POST https://cloudresourcemanager.googleapis.com/v1/projects/theredline-jn:testIamPermissions {"permissions":["cloudfunctions.functions.create","cloudfunctions.functions.delete","cloudfunctions.functions.get","cloudfunctions.functions.list","cloudfunctions.functions.update","cloudfunctions.operations.get","firebase.projects.get"]}
[debug] [2024-11-02T18:17:06.402Z] <<< [apiv2][status] POST https://cloudresourcemanager.googleapis.com/v1/projects/theredline-jn:testIamPermissions 200
[debug] [2024-11-02T18:17:06.403Z] <<< [apiv2][body] POST https://cloudresourcemanager.googleapis.com/v1/projects/theredline-jn:testIamPermissions {"permissions":["cloudfunctions.functions.create","cloudfunctions.functions.delete","cloudfunctions.functions.get","cloudfunctions.functions.list","cloudfunctions.functions.update","cloudfunctions.operations.get","firebase.projects.get"]}
[debug] [2024-11-02T18:17:06.403Z] Checked if tokens are valid: true, expires at: 1730574445631
[debug] [2024-11-02T18:17:06.403Z] Checked if tokens are valid: true, expires at: 1730574445631
[debug] [2024-11-02T18:17:06.404Z] >>> [apiv2][query] POST https://iam.googleapis.com/v1/projects/theredline-jn/serviceAccounts/theredline-jn@appspot.gserviceaccount.com:testIamPermissions [none]
[debug] [2024-11-02T18:17:06.404Z] >>> [apiv2][body] POST https://iam.googleapis.com/v1/projects/theredline-jn/serviceAccounts/theredline-jn@appspot.gserviceaccount.com:testIamPermissions {"permissions":["iam.serviceAccounts.actAs"]}
[debug] [2024-11-02T18:17:06.594Z] <<< [apiv2][status] POST https://iam.googleapis.com/v1/projects/theredline-jn/serviceAccounts/theredline-jn@appspot.gserviceaccount.com:testIamPermissions 200
[debug] [2024-11-02T18:17:06.594Z] <<< [apiv2][body] POST https://iam.googleapis.com/v1/projects/theredline-jn/serviceAccounts/theredline-jn@appspot.gserviceaccount.com:testIamPermissions {"permissions":["iam.serviceAccounts.actAs"]}
[info] 
[info] === Deploying to 'theredline-jn'...
[info] 
[info] i  deploying functions 
[debug] [2024-11-02T18:17:06.599Z] Checked if tokens are valid: true, expires at: 1730574445631
[debug] [2024-11-02T18:17:06.599Z] Checked if tokens are valid: true, expires at: 1730574445631
[debug] [2024-11-02T18:17:06.599Z] >>> [apiv2][query] GET https://firebase.googleapis.com/v1beta1/projects/theredline-jn [none]
[debug] [2024-11-02T18:17:06.928Z] <<< [apiv2][status] GET https://firebase.googleapis.com/v1beta1/projects/theredline-jn 200
[debug] [2024-11-02T18:17:06.929Z] <<< [apiv2][body] GET https://firebase.googleapis.com/v1beta1/projects/theredline-jn {"projectId":"theredline-jn","projectNumber":"290283837848","displayName":"TheRedLine","name":"projects/theredline-jn","resources":{"hostingSite":"theredline-jn","realtimeDatabaseInstance":"theredline-jn-default-rtdb"},"state":"ACTIVE","etag":"1_3fec5980-f58a-4c1e-b1b7-fa27f2205b11"}
[info] i  functions: preparing codebase default for deployment 
[info] i  functions: ensuring required API cloudfunctions.googleapis.com is enabled... 
[debug] [2024-11-02T18:17:06.931Z] Checked if tokens are valid: true, expires at: 1730574445631
[debug] [2024-11-02T18:17:06.931Z] Checked if tokens are valid: true, expires at: 1730574445631
[debug] [2024-11-02T18:17:06.931Z] Checked if tokens are valid: true, expires at: 1730574445631
[debug] [2024-11-02T18:17:06.932Z] Checked if tokens are valid: true, expires at: 1730574445631
[info] i  functions: ensuring required API cloudbuild.googleapis.com is enabled... 
[debug] [2024-11-02T18:17:06.933Z] Checked if tokens are valid: true, expires at: 1730574445631
[debug] [2024-11-02T18:17:06.933Z] Checked if tokens are valid: true, expires at: 1730574445631
[info] i  artifactregistry: ensuring required API artifactregistry.googleapis.com is enabled... 
[debug] [2024-11-02T18:17:06.933Z] Checked if tokens are valid: true, expires at: 1730574445631
[debug] [2024-11-02T18:17:06.933Z] Checked if tokens are valid: true, expires at: 1730574445631
[debug] [2024-11-02T18:17:06.933Z] >>> [apiv2][query] GET https://serviceusage.googleapis.com/v1/projects/theredline-jn/services/cloudfunctions.googleapis.com [none]
[debug] [2024-11-02T18:17:06.933Z] >>> [apiv2][(partial)header] GET https://serviceusage.googleapis.com/v1/projects/theredline-jn/services/cloudfunctions.googleapis.com x-goog-quota-user=projects/theredline-jn
[debug] [2024-11-02T18:17:06.936Z] >>> [apiv2][query] GET https://serviceusage.googleapis.com/v1/projects/theredline-jn/services/runtimeconfig.googleapis.com [none]
[debug] [2024-11-02T18:17:06.936Z] >>> [apiv2][(partial)header] GET https://serviceusage.googleapis.com/v1/projects/theredline-jn/services/runtimeconfig.googleapis.com x-goog-quota-user=projects/theredline-jn
[debug] [2024-11-02T18:17:06.938Z] >>> [apiv2][query] GET https://serviceusage.googleapis.com/v1/projects/theredline-jn/services/cloudbuild.googleapis.com [none]
[debug] [2024-11-02T18:17:06.938Z] >>> [apiv2][(partial)header] GET https://serviceusage.googleapis.com/v1/projects/theredline-jn/services/cloudbuild.googleapis.com x-goog-quota-user=projects/theredline-jn
[debug] [2024-11-02T18:17:06.939Z] >>> [apiv2][query] GET https://serviceusage.googleapis.com/v1/projects/theredline-jn/services/artifactregistry.googleapis.com [none]
[debug] [2024-11-02T18:17:06.940Z] >>> [apiv2][(partial)header] GET https://serviceusage.googleapis.com/v1/projects/theredline-jn/services/artifactregistry.googleapis.com x-goog-quota-user=projects/theredline-jn
[debug] [2024-11-02T18:17:07.351Z] <<< [apiv2][status] GET https://serviceusage.googleapis.com/v1/projects/theredline-jn/services/runtimeconfig.googleapis.com 200
[debug] [2024-11-02T18:17:07.351Z] <<< [apiv2][body] GET https://serviceusage.googleapis.com/v1/projects/theredline-jn/services/runtimeconfig.googleapis.com [omitted]
[debug] [2024-11-02T18:17:07.353Z] <<< [apiv2][status] GET https://serviceusage.googleapis.com/v1/projects/theredline-jn/services/artifactregistry.googleapis.com 200
[debug] [2024-11-02T18:17:07.353Z] <<< [apiv2][body] GET https://serviceusage.googleapis.com/v1/projects/theredline-jn/services/artifactregistry.googleapis.com [omitted]
[info] ✔  artifactregistry: required API artifactregistry.googleapis.com is enabled 
[debug] [2024-11-02T18:17:07.356Z] <<< [apiv2][status] GET https://serviceusage.googleapis.com/v1/projects/theredline-jn/services/cloudfunctions.googleapis.com 200
[debug] [2024-11-02T18:17:07.356Z] <<< [apiv2][body] GET https://serviceusage.googleapis.com/v1/projects/theredline-jn/services/cloudfunctions.googleapis.com [omitted]
[info] ✔  functions: required API cloudfunctions.googleapis.com is enabled 
[debug] [2024-11-02T18:17:07.358Z] <<< [apiv2][status] GET https://serviceusage.googleapis.com/v1/projects/theredline-jn/services/cloudbuild.googleapis.com 200
[debug] [2024-11-02T18:17:07.359Z] <<< [apiv2][body] GET https://serviceusage.googleapis.com/v1/projects/theredline-jn/services/cloudbuild.googleapis.com [omitted]
[info] ✔  functions: required API cloudbuild.googleapis.com is enabled 
[debug] [2024-11-02T18:17:07.360Z] Checked if tokens are valid: true, expires at: 1730574445631
[debug] [2024-11-02T18:17:07.360Z] Checked if tokens are valid: true, expires at: 1730574445631
[debug] [2024-11-02T18:17:07.360Z] >>> [apiv2][query] GET https://firebase.googleapis.com/v1beta1/projects/theredline-jn/adminSdkConfig [none]
[debug] [2024-11-02T18:17:07.537Z] <<< [apiv2][status] GET https://firebase.googleapis.com/v1beta1/projects/theredline-jn/adminSdkConfig 200
[debug] [2024-11-02T18:17:07.539Z] <<< [apiv2][body] GET https://firebase.googleapis.com/v1beta1/projects/theredline-jn/adminSdkConfig {"projectId":"theredline-jn","databaseURL":"https://theredline-jn-default-rtdb.firebaseio.com","storageBucket":"theredline-jn.firebasestorage.app"}
[debug] [2024-11-02T18:17:07.541Z] Checked if tokens are valid: true, expires at: 1730574445631
[debug] [2024-11-02T18:17:07.541Z] Checked if tokens are valid: true, expires at: 1730574445631
[debug] [2024-11-02T18:17:07.541Z] >>> [apiv2][query] GET https://runtimeconfig.googleapis.com/v1beta1/projects/theredline-jn/configs [none]
[debug] [2024-11-02T18:17:07.646Z] <<< [apiv2][status] GET https://runtimeconfig.googleapis.com/v1beta1/projects/theredline-jn/configs 200
[debug] [2024-11-02T18:17:07.646Z] <<< [apiv2][body] GET https://runtimeconfig.googleapis.com/v1beta1/projects/theredline-jn/configs {"configs":[{"name":"projects/theredline-jn/configs/scheduledfetch"},{"name":"projects/theredline-jn/configs/newscatcher"}]}
[debug] [2024-11-02T18:17:07.647Z] Checked if tokens are valid: true, expires at: 1730574445631
[debug] [2024-11-02T18:17:07.647Z] Checked if tokens are valid: true, expires at: 1730574445631
[debug] [2024-11-02T18:17:07.647Z] Checked if tokens are valid: true, expires at: 1730574445631
[debug] [2024-11-02T18:17:07.647Z] Checked if tokens are valid: true, expires at: 1730574445631
[debug] [2024-11-02T18:17:07.649Z] >>> [apiv2][query] GET https://runtimeconfig.googleapis.com/v1beta1/projects/theredline-jn/configs/scheduledfetch/variables [none]
[debug] [2024-11-02T18:17:07.652Z] >>> [apiv2][query] GET https://runtimeconfig.googleapis.com/v1beta1/projects/theredline-jn/configs/newscatcher/variables [none]
[debug] [2024-11-02T18:17:07.729Z] <<< [apiv2][status] GET https://runtimeconfig.googleapis.com/v1beta1/projects/theredline-jn/configs/newscatcher/variables 200
[debug] [2024-11-02T18:17:07.729Z] <<< [apiv2][body] GET https://runtimeconfig.googleapis.com/v1beta1/projects/theredline-jn/configs/newscatcher/variables {"variables":[{"name":"projects/theredline-jn/configs/newscatcher/variables/key","updateTime":"2024-10-11T19:51:46.075880745Z"}]}
[debug] [2024-11-02T18:17:07.730Z] Checked if tokens are valid: true, expires at: 1730574445631
[debug] [2024-11-02T18:17:07.730Z] Checked if tokens are valid: true, expires at: 1730574445631
[debug] [2024-11-02T18:17:07.730Z] >>> [apiv2][query] GET https://runtimeconfig.googleapis.com/v1beta1/projects/theredline-jn/configs/newscatcher/variables/key [none]
[debug] [2024-11-02T18:17:07.733Z] <<< [apiv2][status] GET https://runtimeconfig.googleapis.com/v1beta1/projects/theredline-jn/configs/scheduledfetch/variables 200
[debug] [2024-11-02T18:17:07.733Z] <<< [apiv2][body] GET https://runtimeconfig.googleapis.com/v1beta1/projects/theredline-jn/configs/scheduledfetch/variables {"variables":[{"name":"projects/theredline-jn/configs/scheduledfetch/variables/enabled","updateTime":"2024-10-14T21:52:35.558937389Z"}]}
[debug] [2024-11-02T18:17:07.733Z] Checked if tokens are valid: true, expires at: 1730574445631
[debug] [2024-11-02T18:17:07.733Z] Checked if tokens are valid: true, expires at: 1730574445631
[debug] [2024-11-02T18:17:07.733Z] >>> [apiv2][query] GET https://runtimeconfig.googleapis.com/v1beta1/projects/theredline-jn/configs/scheduledfetch/variables/enabled [none]
[debug] [2024-11-02T18:17:07.792Z] <<< [apiv2][status] GET https://runtimeconfig.googleapis.com/v1beta1/projects/theredline-jn/configs/scheduledfetch/variables/enabled 200
[debug] [2024-11-02T18:17:07.792Z] <<< [apiv2][body] GET https://runtimeconfig.googleapis.com/v1beta1/projects/theredline-jn/configs/scheduledfetch/variables/enabled {"name":"projects/theredline-jn/configs/scheduledfetch/variables/enabled","updateTime":"2024-10-14T21:52:35.558937389Z","text":"true"}
[debug] [2024-11-02T18:17:07.860Z] <<< [apiv2][status] GET https://runtimeconfig.googleapis.com/v1beta1/projects/theredline-jn/configs/newscatcher/variables/key 200
[debug] [2024-11-02T18:17:07.860Z] <<< [apiv2][body] GET https://runtimeconfig.googleapis.com/v1beta1/projects/theredline-jn/configs/newscatcher/variables/key {"name":"projects/theredline-jn/configs/newscatcher/variables/key","updateTime":"2024-10-11T19:51:46.075880745Z","text":"bvNFViZf97jUjkeuZM3FzEw97R3Kd-5x7fsnFLiG9wg"}
[debug] [2024-11-02T18:17:07.866Z] Validating nodejs source
[warn] ⚠  functions: package.json indicates an outdated version of firebase-functions. Please upgrade using npm install --save firebase-functions@latest in your functions directory. 
[debug] [2024-11-02T18:17:08.415Z] > [functions] package.json contents: {
  "name": "functions",
  "description": "Cloud Functions for Firebase",
  "scripts": {
    "serve": "firebase emulators:start --only functions",
    "shell": "firebase functions:shell",
    "start": "npm run shell",
    "deploy": "firebase deploy --only functions",
    "logs": "firebase functions:log"
  },
  "engines": {
    "node": "18"
  },
  "main": "index.js",
  "dependencies": {
    "@google/generative-ai": "^0.21.0",
    "firebase-admin": "^12.6.0",
    "firebase-functions": "^6.0.1",
    "mqtt": "^5.10.1"
  },
  "devDependencies": {
    "firebase-functions-test": "^3.1.0"
  },
  "private": true
}
[debug] [2024-11-02T18:17:08.415Z] Building nodejs source
[info] i  functions: Loading and analyzing source code for codebase default to determine what to deploy 
[debug] [2024-11-02T18:17:08.416Z] Could not find functions.yaml. Must use http discovery
[debug] [2024-11-02T18:17:08.435Z] Found firebase-functions binary at '/Users/jasminenackash/Desktop/ITP/Fall 2024/Project Development/TheRedLine/TRL/functions/node_modules/.bin/firebase-functions'
[info] Serving at port 8225

[error] (node:48213) [DEP0040] DeprecationWarning: The `punycode` module is deprecated. Please use a userland alternative instead.
(Use `node --trace-deprecation ...` to show where the warning was created)

[debug] [2024-11-02T18:17:08.894Z] Got response from /__/functions.yaml {"endpoints":{"fetchNews":{"availableMemoryMb":null,"timeoutSeconds":null,"minInstances":null,"maxInstances":null,"ingressSettings":null,"concurrency":null,"serviceAccountEmail":null,"vpc":null,"platform":"gcfv2","labels":{},"httpsTrigger":{},"entryPoint":"fetchNews"}},"specVersion":"v1alpha1","requiredAPIs":[],"extensions":{}}
[info] Model configuration: undefined

[info] Test response: Please provide me with the prompt you would like me to test! I need more information to be able to help you. 

For example, tell me:

* **What kind of test are you looking for?** (e.g., grammar, logic, code, creativity, etc.)
* **What is the specific task or question you want me to answer?**
* **What kind of response are you expecting?** 

The more information you give me, the better I can understand your needs and provide a relevant and helpful response. 


[info] i  extensions: ensuring required API firebaseextensions.googleapis.com is enabled... 
[debug] [2024-11-02T18:17:12.953Z] Checked if tokens are valid: true, expires at: 1730574445631
[debug] [2024-11-02T18:17:12.953Z] Checked if tokens are valid: true, expires at: 1730574445631
[debug] [2024-11-02T18:17:12.953Z] >>> [apiv2][query] GET https://serviceusage.googleapis.com/v1/projects/theredline-jn/services/firebaseextensions.googleapis.com [none]
[debug] [2024-11-02T18:17:12.954Z] >>> [apiv2][(partial)header] GET https://serviceusage.googleapis.com/v1/projects/theredline-jn/services/firebaseextensions.googleapis.com x-goog-quota-user=projects/theredline-jn
[debug] [2024-11-02T18:17:13.298Z] <<< [apiv2][status] GET https://serviceusage.googleapis.com/v1/projects/theredline-jn/services/firebaseextensions.googleapis.com 200
[debug] [2024-11-02T18:17:13.298Z] <<< [apiv2][body] GET https://serviceusage.googleapis.com/v1/projects/theredline-jn/services/firebaseextensions.googleapis.com [omitted]
[info] ✔  extensions: required API firebaseextensions.googleapis.com is enabled 
[debug] [2024-11-02T18:17:13.299Z] > command requires scopes: ["email","openid","https://www.googleapis.com/auth/cloudplatformprojects.readonly","https://www.googleapis.com/auth/firebase","https://www.googleapis.com/auth/cloud-platform"]
[debug] [2024-11-02T18:17:13.300Z] > authorizing via signed-in user (jasmine.nackash@gmail.com)
[debug] [2024-11-02T18:17:13.300Z] [iam] checking project theredline-jn for permissions ["firebase.projects.get","firebaseextensions.instances.list"]
[debug] [2024-11-02T18:17:13.300Z] Checked if tokens are valid: true, expires at: 1730574445631
[debug] [2024-11-02T18:17:13.300Z] Checked if tokens are valid: true, expires at: 1730574445631
[debug] [2024-11-02T18:17:13.300Z] >>> [apiv2][query] POST https://cloudresourcemanager.googleapis.com/v1/projects/theredline-jn:testIamPermissions [none]
[debug] [2024-11-02T18:17:13.301Z] >>> [apiv2][(partial)header] POST https://cloudresourcemanager.googleapis.com/v1/projects/theredline-jn:testIamPermissions x-goog-quota-user=projects/theredline-jn
[debug] [2024-11-02T18:17:13.301Z] >>> [apiv2][body] POST https://cloudresourcemanager.googleapis.com/v1/projects/theredline-jn:testIamPermissions {"permissions":["firebase.projects.get","firebaseextensions.instances.list"]}
[debug] [2024-11-02T18:17:13.465Z] <<< [apiv2][status] POST https://cloudresourcemanager.googleapis.com/v1/projects/theredline-jn:testIamPermissions 200
[debug] [2024-11-02T18:17:13.465Z] <<< [apiv2][body] POST https://cloudresourcemanager.googleapis.com/v1/projects/theredline-jn:testIamPermissions {"permissions":["firebase.projects.get","firebaseextensions.instances.list"]}
[debug] [2024-11-02T18:17:13.466Z] Checked if tokens are valid: true, expires at: 1730574445631
[debug] [2024-11-02T18:17:13.467Z] Checked if tokens are valid: true, expires at: 1730574445631
[debug] [2024-11-02T18:17:13.469Z] >>> [apiv2][query] GET https://firebaseextensions.googleapis.com/v1beta/projects/theredline-jn/instances pageSize=100&pageToken=
[debug] [2024-11-02T18:17:13.786Z] <<< [apiv2][status] GET https://firebaseextensions.googleapis.com/v1beta/projects/theredline-jn/instances 200
[debug] [2024-11-02T18:17:13.786Z] <<< [apiv2][body] GET https://firebaseextensions.googleapis.com/v1beta/projects/theredline-jn/instances {}
[info] i  functions: preparing functions directory for uploading... 
[info] i  functions: packaged /Users/jasminenackash/Desktop/ITP/Fall 2024/Project Development/TheRedLine/TRL/functions (72.7 KB) for uploading 
[debug] [2024-11-02T18:17:13.844Z] Checked if tokens are valid: true, expires at: 1730574445631
[debug] [2024-11-02T18:17:13.845Z] Checked if tokens are valid: true, expires at: 1730574445631
[debug] [2024-11-02T18:17:13.845Z] >>> [apiv2][query] GET https://cloudfunctions.googleapis.com/v1/projects/theredline-jn/locations/-/functions [none]
[debug] [2024-11-02T18:17:14.345Z] <<< [apiv2][status] GET https://cloudfunctions.googleapis.com/v1/projects/theredline-jn/locations/-/functions 200
[debug] [2024-11-02T18:17:14.346Z] <<< [apiv2][body] GET https://cloudfunctions.googleapis.com/v1/projects/theredline-jn/locations/-/functions {}
[debug] [2024-11-02T18:17:14.347Z] Checked if tokens are valid: true, expires at: 1730574445631
[debug] [2024-11-02T18:17:14.347Z] Checked if tokens are valid: true, expires at: 1730574445631
[debug] [2024-11-02T18:17:14.347Z] >>> [apiv2][query] GET https://cloudfunctions.googleapis.com/v2/projects/theredline-jn/locations/-/functions filter=environment%3D%22GEN_2%22
[debug] [2024-11-02T18:17:14.914Z] <<< [apiv2][status] GET https://cloudfunctions.googleapis.com/v2/projects/theredline-jn/locations/-/functions 200
[debug] [2024-11-02T18:17:14.914Z] <<< [apiv2][body] GET https://cloudfunctions.googleapis.com/v2/projects/theredline-jn/locations/-/functions {"functions":[{"name":"projects/theredline-jn/locations/us-central1/functions/pushDummyData","buildConfig":{"build":"projects/290283837848/locations/us-central1/builds/98eb734b-093f-4998-aa0a-e98dd8b84233","runtime":"nodejs18","entryPoint":"pushDummyData","source":{"storageSource":{"bucket":"gcf-v2-sources-290283837848-us-central1","object":"pushDummyData/function-source.zip","generation":"1728925566310898"}},"environmentVariables":{"GOOGLE_NODE_RUN_SCRIPTS":""},"dockerRepository":"projects/theredline-jn/locations/us-central1/repositories/gcf-artifacts","sourceProvenance":{"resolvedStorageSource":{"bucket":"gcf-v2-sources-290283837848-us-central1","object":"pushDummyData/function-source.zip","generation":"1728925566310898"}},"dockerRegistry":"ARTIFACT_REGISTRY","serviceAccount":"projects/theredline-jn/serviceAccounts/290283837848-compute@developer.gserviceaccount.com","automaticUpdatePolicy":{}},"state":"UNKNOWN","updateTime":"2024-10-14T17:07:26.337468571Z","labels":{"deployment-tool":"cli-firebase","firebase-functions-hash":"450f22f2b89d75d140006e230cc03877e26110f7"},"stateMessages":[{"severity":"ERROR","type":"CloudRunServiceNotFound","message":"Cloud Run service projects/theredline-jn/locations/us-central1/services/pushdummydata for the function was not found. The function will not work correctly. Please redeploy."}],"environment":"GEN_2","url":"https://us-central1-theredline-jn.cloudfunctions.net/pushDummyData","createTime":"2024-10-14T17:06:06.564141595Z"},{"name":"projects/theredline-jn/locations/us-central1/functions/fetchNews","buildConfig":{"build":"projects/290283837848/locations/us-central1/builds/4980b4e5-c03a-4353-88c4-af603450dbdb","runtime":"nodejs18","entryPoint":"fetchNews","source":{"storageSource":{"bucket":"gcf-v2-sources-290283837848-us-central1","object":"fetchNews/function-source.zip","generation":"1730571077505032"}},"environmentVariables":{"GOOGLE_NODE_RUN_SCRIPTS":""},"dockerRepository":"projects/theredline-jn/locations/us-central1/repositories/gcf-artifacts","sourceProvenance":{"resolvedStorageSource":{"bucket":"gcf-v2-sources-290283837848-us-central1","object":"fetchNews/function-source.zip","generation":"1730571077505032"}},"dockerRegistry":"ARTIFACT_REGISTRY","serviceAccount":"projects/theredline-jn/serviceAccounts/290283837848-compute@developer.gserviceaccount.com","automaticUpdatePolicy":{}},"serviceConfig":{"service":"projects/theredline-jn/locations/us-central1/services/fetchnews","timeoutSeconds":60,"environmentVariables":{"FIREBASE_CONFIG":"{\"projectId\":\"theredline-jn\",\"databaseURL\":\"https://theredline-jn-default-rtdb.firebaseio.com\",\"storageBucket\":\"theredline-jn.firebasestorage.app\"}","GCLOUD_PROJECT":"theredline-jn","EVENTARC_CLOUD_EVENT_SOURCE":"projects/theredline-jn/locations/us-central1/services/fetchNews","FUNCTION_TARGET":"fetchNews","LOG_EXECUTION_ID":"true","NEWSCATCHER_API_KEY":"bvNFViZf97jUjkeuZM3FzEw97R3Kd-5x7fsnFLiG9wg","REPLICATE_API_URL":"\"https://replicate-api-proxy.glitch.me/create_n_get/\"","GOOGLE_AI_STUDIO_API_KEY":"AIzaSyDa_WXAkScd7rPp5iEbWhPp5r-GKjtOTZw"},"maxInstanceCount":100,"ingressSettings":"ALLOW_ALL","uri":"https://fetchnews-inuqrflg3a-uc.a.run.app","serviceAccountEmail":"290283837848-compute@developer.gserviceaccount.com","availableMemory":"256Mi","allTrafficOnLatestRevision":true,"revision":"fetchnews-00058-piv","maxInstanceRequestConcurrency":80,"availableCpu":"1"},"state":"ACTIVE","updateTime":"2024-11-02T18:12:03.469089161Z","labels":{"deployment-tool":"cli-firebase","firebase-functions-hash":"acee05919b8326af2c2487ba40d2848d21042c14"},"environment":"GEN_2","url":"https://us-central1-theredline-jn.cloudfunctions.net/fetchNews","createTime":"2024-10-11T19:41:08.890036983Z"}]}
[info] i  functions: ensuring required API run.googleapis.com is enabled... 
[debug] [2024-11-02T18:17:14.921Z] Checked if tokens are valid: true, expires at: 1730574445631
[debug] [2024-11-02T18:17:14.921Z] Checked if tokens are valid: true, expires at: 1730574445631
[info] i  functions: ensuring required API eventarc.googleapis.com is enabled... 
[debug] [2024-11-02T18:17:14.922Z] Checked if tokens are valid: true, expires at: 1730574445631
[debug] [2024-11-02T18:17:14.922Z] Checked if tokens are valid: true, expires at: 1730574445631
[info] i  functions: ensuring required API pubsub.googleapis.com is enabled... 
[debug] [2024-11-02T18:17:14.922Z] Checked if tokens are valid: true, expires at: 1730574445631
[debug] [2024-11-02T18:17:14.922Z] Checked if tokens are valid: true, expires at: 1730574445631
[info] i  functions: ensuring required API storage.googleapis.com is enabled... 
[debug] [2024-11-02T18:17:14.922Z] Checked if tokens are valid: true, expires at: 1730574445631
[debug] [2024-11-02T18:17:14.922Z] Checked if tokens are valid: true, expires at: 1730574445631
[debug] [2024-11-02T18:17:14.922Z] >>> [apiv2][query] GET https://serviceusage.googleapis.com/v1/projects/theredline-jn/services/run.googleapis.com [none]
[debug] [2024-11-02T18:17:14.922Z] >>> [apiv2][(partial)header] GET https://serviceusage.googleapis.com/v1/projects/theredline-jn/services/run.googleapis.com x-goog-quota-user=projects/theredline-jn
[debug] [2024-11-02T18:17:14.923Z] >>> [apiv2][query] GET https://serviceusage.googleapis.com/v1/projects/theredline-jn/services/eventarc.googleapis.com [none]
[debug] [2024-11-02T18:17:14.923Z] >>> [apiv2][(partial)header] GET https://serviceusage.googleapis.com/v1/projects/theredline-jn/services/eventarc.googleapis.com x-goog-quota-user=projects/theredline-jn
[debug] [2024-11-02T18:17:14.925Z] >>> [apiv2][query] GET https://serviceusage.googleapis.com/v1/projects/theredline-jn/services/pubsub.googleapis.com [none]
[debug] [2024-11-02T18:17:14.925Z] >>> [apiv2][(partial)header] GET https://serviceusage.googleapis.com/v1/projects/theredline-jn/services/pubsub.googleapis.com x-goog-quota-user=projects/theredline-jn
[debug] [2024-11-02T18:17:14.928Z] >>> [apiv2][query] GET https://serviceusage.googleapis.com/v1/projects/theredline-jn/services/storage.googleapis.com [none]
[debug] [2024-11-02T18:17:14.928Z] >>> [apiv2][(partial)header] GET https://serviceusage.googleapis.com/v1/projects/theredline-jn/services/storage.googleapis.com x-goog-quota-user=projects/theredline-jn
[debug] [2024-11-02T18:17:15.331Z] <<< [apiv2][status] GET https://serviceusage.googleapis.com/v1/projects/theredline-jn/services/run.googleapis.com 200
[debug] [2024-11-02T18:17:15.332Z] <<< [apiv2][body] GET https://serviceusage.googleapis.com/v1/projects/theredline-jn/services/run.googleapis.com [omitted]
[info] ✔  functions: required API run.googleapis.com is enabled 
[debug] [2024-11-02T18:17:15.333Z] <<< [apiv2][status] GET https://serviceusage.googleapis.com/v1/projects/theredline-jn/services/storage.googleapis.com 200
[debug] [2024-11-02T18:17:15.334Z] <<< [apiv2][body] GET https://serviceusage.googleapis.com/v1/projects/theredline-jn/services/storage.googleapis.com [omitted]
[info] ✔  functions: required API storage.googleapis.com is enabled 
[debug] [2024-11-02T18:17:15.347Z] <<< [apiv2][status] GET https://serviceusage.googleapis.com/v1/projects/theredline-jn/services/eventarc.googleapis.com 200
[debug] [2024-11-02T18:17:15.348Z] <<< [apiv2][body] GET https://serviceusage.googleapis.com/v1/projects/theredline-jn/services/eventarc.googleapis.com [omitted]
[info] ✔  functions: required API eventarc.googleapis.com is enabled 
[debug] [2024-11-02T18:17:15.349Z] <<< [apiv2][status] GET https://serviceusage.googleapis.com/v1/projects/theredline-jn/services/pubsub.googleapis.com 200
[debug] [2024-11-02T18:17:15.349Z] <<< [apiv2][body] GET https://serviceusage.googleapis.com/v1/projects/theredline-jn/services/pubsub.googleapis.com [omitted]
[info] ✔  functions: required API pubsub.googleapis.com is enabled 
[info] i  functions: generating the service identity for pubsub.googleapis.com... 
[debug] [2024-11-02T18:17:15.349Z] Checked if tokens are valid: true, expires at: 1730574445631
[debug] [2024-11-02T18:17:15.349Z] Checked if tokens are valid: true, expires at: 1730574445631
[info] i  functions: generating the service identity for eventarc.googleapis.com... 
[debug] [2024-11-02T18:17:15.350Z] Checked if tokens are valid: true, expires at: 1730574445631
[debug] [2024-11-02T18:17:15.350Z] Checked if tokens are valid: true, expires at: 1730574445631
[debug] [2024-11-02T18:17:15.350Z] >>> [apiv2][query] POST https://serviceusage.googleapis.com/v1beta1/projects/290283837848/services/pubsub.googleapis.com:generateServiceIdentity [none]
[debug] [2024-11-02T18:17:15.350Z] >>> [apiv2][query] POST https://serviceusage.googleapis.com/v1beta1/projects/290283837848/services/eventarc.googleapis.com:generateServiceIdentity [none]
[debug] [2024-11-02T18:17:15.751Z] <<< [apiv2][status] POST https://serviceusage.googleapis.com/v1beta1/projects/290283837848/services/eventarc.googleapis.com:generateServiceIdentity 200
[debug] [2024-11-02T18:17:15.752Z] <<< [apiv2][body] POST https://serviceusage.googleapis.com/v1beta1/projects/290283837848/services/eventarc.googleapis.com:generateServiceIdentity {"name":"operations/finished.DONE_OPERATION","done":true,"response":{"@type":"type.googleapis.com/google.api.serviceusage.v1beta1.ServiceIdentity","email":"service-290283837848@gcp-sa-eventarc.iam.gserviceaccount.com","uniqueId":"108918089938159380096"}}
[debug] [2024-11-02T18:17:15.879Z] <<< [apiv2][status] POST https://serviceusage.googleapis.com/v1beta1/projects/290283837848/services/pubsub.googleapis.com:generateServiceIdentity 200
[debug] [2024-11-02T18:17:15.879Z] <<< [apiv2][body] POST https://serviceusage.googleapis.com/v1beta1/projects/290283837848/services/pubsub.googleapis.com:generateServiceIdentity {"name":"operations/finished.DONE_OPERATION","done":true,"response":{"@type":"type.googleapis.com/google.api.serviceusage.v1beta1.ServiceIdentity","email":"service-290283837848@gcp-sa-pubsub.iam.gserviceaccount.com","uniqueId":"115428580562005160533"}}
[debug] [2024-11-02T18:17:15.883Z] Checked if tokens are valid: true, expires at: 1730574445631
[debug] [2024-11-02T18:17:15.883Z] Checked if tokens are valid: true, expires at: 1730574445631
[debug] [2024-11-02T18:17:15.883Z] >>> [apiv2][query] GET https://firebase.googleapis.com/v1beta1/projects/theredline-jn [none]
[debug] [2024-11-02T18:17:16.142Z] <<< [apiv2][status] GET https://firebase.googleapis.com/v1beta1/projects/theredline-jn 200
[debug] [2024-11-02T18:17:16.143Z] <<< [apiv2][body] GET https://firebase.googleapis.com/v1beta1/projects/theredline-jn {"projectId":"theredline-jn","projectNumber":"290283837848","displayName":"TheRedLine","name":"projects/theredline-jn","resources":{"hostingSite":"theredline-jn","realtimeDatabaseInstance":"theredline-jn-default-rtdb"},"state":"ACTIVE","etag":"1_3fec5980-f58a-4c1e-b1b7-fa27f2205b11"}
[debug] [2024-11-02T18:17:16.146Z] Checked if tokens are valid: true, expires at: 1730574445631
[debug] [2024-11-02T18:17:16.146Z] Checked if tokens are valid: true, expires at: 1730574445631
[debug] [2024-11-02T18:17:16.147Z] >>> [apiv2][query] GET https://cloudbilling.googleapis.com/v1/projects/theredline-jn/billingInfo [none]
[debug] [2024-11-02T18:17:16.420Z] <<< [apiv2][status] GET https://cloudbilling.googleapis.com/v1/projects/theredline-jn/billingInfo 200
[debug] [2024-11-02T18:17:16.421Z] <<< [apiv2][body] GET https://cloudbilling.googleapis.com/v1/projects/theredline-jn/billingInfo {"name":"projects/theredline-jn/billingInfo","projectId":"theredline-jn","billingAccountName":"billingAccounts/0134FA-7050F2-B54835","billingEnabled":true}
[debug] [2024-11-02T18:17:16.424Z] Checked if tokens are valid: true, expires at: 1730574445631
[debug] [2024-11-02T18:17:16.424Z] Checked if tokens are valid: true, expires at: 1730574445631
[debug] [2024-11-02T18:17:16.424Z] >>> [apiv2][query] POST https://cloudfunctions.googleapis.com/v2/projects/theredline-jn/locations/us-central1/functions:generateUploadUrl [none]
[debug] [2024-11-02T18:17:16.577Z] <<< [apiv2][status] POST https://cloudfunctions.googleapis.com/v2/projects/theredline-jn/locations/us-central1/functions:generateUploadUrl 200
[debug] [2024-11-02T18:17:16.577Z] <<< [apiv2][body] POST https://cloudfunctions.googleapis.com/v2/projects/theredline-jn/locations/us-central1/functions:generateUploadUrl {"uploadUrl":"https://storage.googleapis.com/gcf-v2-uploads-290283837848-us-central1/ec8b206c-6618-4f01-b7f9-28407d48b17d.zip?GoogleAccessId=service-290283837848@gcf-admin-robot.iam.gserviceaccount.com&Expires=1730573236&Signature=1RBCZw%2FMZM0HaJe93vGnCmvoM%2B82IfxUNLsO%2Fl7xFIyw7neqRss61vBJKRMMGUuDlIMN%2F9QvT2kRM%2B%2B1YrquWTOzXsKKipfSp0zLibXCbiOnAVF5xiyp6pzriARE5qNag83W%2FZW5%2BxKUeOb%2FC8BEv9QunMQjFxvYl3hJHIercGZWJtRbxUfshjFGzpzIw7plu%2FiCHV%2FwGQQvU9cHZn%2Ff6N376ZHIz8DWW%2B6SScVKaUU25vC%2FxeSZEcv0gHbtb3%2FaEqoDrWtjmxXIU5Ws3yJGFrLnPQulw1qjpzfaLeSg34lwllr1rsyvJ1sHg2TFq8RUaGUd82nUoNiRCzxoQCYpIg%3D%3D","storageSource":{"bucket":"gcf-v2-uploads-290283837848-us-central1","object":"ec8b206c-6618-4f01-b7f9-28407d48b17d.zip"}}
[debug] [2024-11-02T18:17:16.579Z] >>> [apiv2][query] PUT https://storage.googleapis.com/gcf-v2-uploads-290283837848-us-central1/ec8b206c-6618-4f01-b7f9-28407d48b17d.zip GoogleAccessId=service-290283837848%40gcf-admin-robot.iam.gserviceaccount.com&Expires=1730573236&Signature=1RBCZw%2FMZM0HaJe93vGnCmvoM%2B82IfxUNLsO%2Fl7xFIyw7neqRss61vBJKRMMGUuDlIMN%2F9QvT2kRM%2B%2B1YrquWTOzXsKKipfSp0zLibXCbiOnAVF5xiyp6pzriARE5qNag83W%2FZW5%2BxKUeOb%2FC8BEv9QunMQjFxvYl3hJHIercGZWJtRbxUfshjFGzpzIw7plu%2FiCHV%2FwGQQvU9cHZn%2Ff6N376ZHIz8DWW%2B6SScVKaUU25vC%2FxeSZEcv0gHbtb3%2FaEqoDrWtjmxXIU5Ws3yJGFrLnPQulw1qjpzfaLeSg34lwllr1rsyvJ1sHg2TFq8RUaGUd82nUoNiRCzxoQCYpIg%3D%3D
[debug] [2024-11-02T18:17:16.579Z] >>> [apiv2][body] PUT https://storage.googleapis.com/gcf-v2-uploads-290283837848-us-central1/ec8b206c-6618-4f01-b7f9-28407d48b17d.zip [stream]
[debug] [2024-11-02T18:17:16.803Z] <<< [apiv2][status] PUT https://storage.googleapis.com/gcf-v2-uploads-290283837848-us-central1/ec8b206c-6618-4f01-b7f9-28407d48b17d.zip 200
[debug] [2024-11-02T18:17:16.804Z] <<< [apiv2][body] PUT https://storage.googleapis.com/gcf-v2-uploads-290283837848-us-central1/ec8b206c-6618-4f01-b7f9-28407d48b17d.zip [omitted]
[info] ✔  functions: functions folder uploaded successfully 
[info] i  functions: updating Node.js 18 (2nd Gen) function fetchNews(us-central1)... 
[debug] [2024-11-02T18:17:16.815Z] Checked if tokens are valid: true, expires at: 1730574445631
[debug] [2024-11-02T18:17:16.815Z] Checked if tokens are valid: true, expires at: 1730574445631
[debug] [2024-11-02T18:17:16.815Z] >>> [apiv2][query] PATCH https://cloudfunctions.googleapis.com/v2/projects/theredline-jn/locations/us-central1/functions/fetchNews updateMask=name%2CbuildConfig.runtime%2CbuildConfig.entryPoint%2CbuildConfig.source.storageSource.bucket%2CbuildConfig.source.storageSource.object%2CbuildConfig.environmentVariables%2CbuildConfig.sourceToken%2CserviceConfig.environmentVariables%2CserviceConfig.ingressSettings%2CserviceConfig.timeoutSeconds%2CserviceConfig.serviceAccountEmail%2CserviceConfig.availableMemory%2CserviceConfig.minInstanceCount%2CserviceConfig.maxInstanceCount%2CserviceConfig.maxInstanceRequestConcurrency%2CserviceConfig.availableCpu%2CserviceConfig.vpcConnector%2CserviceConfig.vpcConnectorEgressSettings%2Clabels%2CbuildConfig.buildEnvironmentVariables
[debug] [2024-11-02T18:17:16.815Z] >>> [apiv2][body] PATCH https://cloudfunctions.googleapis.com/v2/projects/theredline-jn/locations/us-central1/functions/fetchNews {"name":"projects/theredline-jn/locations/us-central1/functions/fetchNews","buildConfig":{"runtime":"nodejs18","entryPoint":"fetchNews","source":{"storageSource":{"bucket":"gcf-v2-uploads-290283837848-us-central1","object":"ec8b206c-6618-4f01-b7f9-28407d48b17d.zip"}},"environmentVariables":{"GOOGLE_NODE_RUN_SCRIPTS":""}},"serviceConfig":{"environmentVariables":{"FIREBASE_CONFIG":"{\"projectId\":\"theredline-jn\",\"databaseURL\":\"https://theredline-jn-default-rtdb.firebaseio.com\",\"storageBucket\":\"theredline-jn.firebasestorage.app\"}","GCLOUD_PROJECT":"theredline-jn","EVENTARC_CLOUD_EVENT_SOURCE":"projects/theredline-jn/locations/us-central1/services/fetchNews","FUNCTION_TARGET":"fetchNews","LOG_EXECUTION_ID":"true","NEWSCATCHER_API_KEY":"bvNFViZf97jUjkeuZM3FzEw97R3Kd-5x7fsnFLiG9wg","REPLICATE_API_URL":"\"https://replicate-api-proxy.glitch.me/create_n_get/\"","GOOGLE_AI_STUDIO_API_KEY":"AIzaSyDa_WXAkScd7rPp5iEbWhPp5r-GKjtOTZw"},"ingressSettings":null,"timeoutSeconds":null,"serviceAccountEmail":null,"availableMemory":"256Mi","minInstanceCount":null,"maxInstanceCount":null,"maxInstanceRequestConcurrency":80,"availableCpu":"1","vpcConnector":null,"vpcConnectorEgressSettings":null},"labels":{"deployment-tool":"cli-firebase","firebase-functions-hash":"d762e82b04c98234fc6c8b94de03c17e0d0dc0f9"}}
[debug] [2024-11-02T18:17:17.829Z] <<< [apiv2][status] PATCH https://cloudfunctions.googleapis.com/v2/projects/theredline-jn/locations/us-central1/functions/fetchNews 200
[debug] [2024-11-02T18:17:17.830Z] <<< [apiv2][body] PATCH https://cloudfunctions.googleapis.com/v2/projects/theredline-jn/locations/us-central1/functions/fetchNews {"name":"projects/theredline-jn/locations/us-central1/operations/operation-1730571437035-625f20fc34f30-6a71d78b-276cf0ce","metadata":{"@type":"type.googleapis.com/google.cloud.functions.v2.OperationMetadata","createTime":"2024-11-02T18:17:17.784542050Z","target":"projects/theredline-jn/locations/us-central1/functions/fetchNews","verb":"update","cancelRequested":false,"apiVersion":"v2"},"done":false}
[debug] [2024-11-02T18:17:17.831Z] Checked if tokens are valid: true, expires at: 1730574445631
[debug] [2024-11-02T18:17:17.831Z] Checked if tokens are valid: true, expires at: 1730574445631
[debug] [2024-11-02T18:17:17.831Z] >>> [apiv2][query] GET https://cloudfunctions.googleapis.com/v2/projects/theredline-jn/locations/us-central1/operations/operation-1730571437035-625f20fc34f30-6a71d78b-276cf0ce [none]
[debug] [2024-11-02T18:17:18.023Z] <<< [apiv2][status] GET https://cloudfunctions.googleapis.com/v2/projects/theredline-jn/locations/us-central1/operations/operation-1730571437035-625f20fc34f30-6a71d78b-276cf0ce 200
[debug] [2024-11-02T18:17:18.024Z] <<< [apiv2][body] GET https://cloudfunctions.googleapis.com/v2/projects/theredline-jn/locations/us-central1/operations/operation-1730571437035-625f20fc34f30-6a71d78b-276cf0ce {"name":"projects/theredline-jn/locations/us-central1/operations/operation-1730571437035-625f20fc34f30-6a71d78b-276cf0ce","metadata":{"@type":"type.googleapis.com/google.cloud.functions.v2.OperationMetadata","createTime":"2024-11-02T18:17:17.784542050Z","target":"projects/theredline-jn/locations/us-central1/functions/fetchNews","verb":"update","cancelRequested":false,"apiVersion":"v2","requestResource":{"@type":"type.googleapis.com/google.cloud.functions.v2.Function","name":"projects/theredline-jn/locations/us-central1/functions/fetchNews","buildConfig":{"runtime":"nodejs18","entryPoint":"fetchNews","source":{"storageSource":{"bucket":"gcf-v2-sources-290283837848-us-central1","object":"fetchNews/function-source.zip","generation":"1730571437723177"}},"environmentVariables":{"GOOGLE_NODE_RUN_SCRIPTS":""},"dockerRepository":"projects/theredline-jn/locations/us-central1/repositories/gcf-artifacts","sourceProvenance":{"resolvedStorageSource":{"bucket":"gcf-v2-sources-290283837848-us-central1","object":"fetchNews/function-source.zip","generation":"1730571077505032"}},"dockerRegistry":"ARTIFACT_REGISTRY","serviceAccount":"projects/theredline-jn/serviceAccounts/290283837848-compute@developer.gserviceaccount.com","automaticUpdatePolicy":{}},"serviceConfig":{"service":"projects/theredline-jn/locations/us-central1/services/fetchnews","timeoutSeconds":60,"environmentVariables":{"FIREBASE_CONFIG":"{\"projectId\":\"theredline-jn\",\"databaseURL\":\"https://theredline-jn-default-rtdb.firebaseio.com\",\"storageBucket\":\"theredline-jn.firebasestorage.app\"}","GCLOUD_PROJECT":"theredline-jn","EVENTARC_CLOUD_EVENT_SOURCE":"projects/theredline-jn/locations/us-central1/services/fetchNews","FUNCTION_TARGET":"fetchNews","LOG_EXECUTION_ID":"true","NEWSCATCHER_API_KEY":"bvNFViZf97jUjkeuZM3FzEw97R3Kd-5x7fsnFLiG9wg","REPLICATE_API_URL":"\"https://replicate-api-proxy.glitch.me/create_n_get/\"","GOOGLE_AI_STUDIO_API_KEY":"AIzaSyDa_WXAkScd7rPp5iEbWhPp5r-GKjtOTZw"},"ingressSettings":"ALLOW_ALL","uri":"https://fetchnews-inuqrflg3a-uc.a.run.app","serviceAccountEmail":"290283837848-compute@developer.gserviceaccount.com","availableMemory":"256Mi","allTrafficOnLatestRevision":true,"revision":"fetchnews-00058-piv","maxInstanceRequestConcurrency":80,"availableCpu":"1"},"state":"ACTIVE","labels":{"deployment-tool":"cloud-console","firebase-functions-hash":"d762e82b04c98234fc6c8b94de03c17e0d0dc0f9"},"environment":"GEN_2","url":"https://us-central1-theredline-jn.cloudfunctions.net/fetchNews"},"stages":[{"name":"BUILD","state":"NOT_STARTED"},{"name":"SERVICE","state":"NOT_STARTED"}],"operationType":"UPDATE_FUNCTION"},"done":false}
[debug] [2024-11-02T18:17:18.526Z] [update-default-us-central1-fetchNews] Retrying task index 0
[debug] [2024-11-02T18:17:18.527Z] Checked if tokens are valid: true, expires at: 1730574445631
[debug] [2024-11-02T18:17:18.527Z] Checked if tokens are valid: true, expires at: 1730574445631
[debug] [2024-11-02T18:17:18.528Z] >>> [apiv2][query] GET https://cloudfunctions.googleapis.com/v2/projects/theredline-jn/locations/us-central1/operations/operation-1730571437035-625f20fc34f30-6a71d78b-276cf0ce [none]
[debug] [2024-11-02T18:17:18.722Z] <<< [apiv2][status] GET https://cloudfunctions.googleapis.com/v2/projects/theredline-jn/locations/us-central1/operations/operation-1730571437035-625f20fc34f30-6a71d78b-276cf0ce 200
[debug] [2024-11-02T18:17:18.722Z] <<< [apiv2][body] GET https://cloudfunctions.googleapis.com/v2/projects/theredline-jn/locations/us-central1/operations/operation-1730571437035-625f20fc34f30-6a71d78b-276cf0ce {"name":"projects/theredline-jn/locations/us-central1/operations/operation-1730571437035-625f20fc34f30-6a71d78b-276cf0ce","metadata":{"@type":"type.googleapis.com/google.cloud.functions.v2.OperationMetadata","createTime":"2024-11-02T18:17:17.784542050Z","target":"projects/theredline-jn/locations/us-central1/functions/fetchNews","verb":"update","cancelRequested":false,"apiVersion":"v2","requestResource":{"@type":"type.googleapis.com/google.cloud.functions.v2.Function","name":"projects/theredline-jn/locations/us-central1/functions/fetchNews","buildConfig":{"runtime":"nodejs18","entryPoint":"fetchNews","source":{"storageSource":{"bucket":"gcf-v2-sources-290283837848-us-central1","object":"fetchNews/function-source.zip","generation":"1730571437723177"}},"environmentVariables":{"GOOGLE_NODE_RUN_SCRIPTS":""},"dockerRepository":"projects/theredline-jn/locations/us-central1/repositories/gcf-artifacts","sourceProvenance":{"resolvedStorageSource":{"bucket":"gcf-v2-sources-290283837848-us-central1","object":"fetchNews/function-source.zip","generation":"1730571077505032"}},"dockerRegistry":"ARTIFACT_REGISTRY","serviceAccount":"projects/theredline-jn/serviceAccounts/290283837848-compute@developer.gserviceaccount.com","automaticUpdatePolicy":{}},"serviceConfig":{"service":"projects/theredline-jn/locations/us-central1/services/fetchnews","timeoutSeconds":60,"environmentVariables":{"FIREBASE_CONFIG":"{\"projectId\":\"theredline-jn\",\"databaseURL\":\"https://theredline-jn-default-rtdb.firebaseio.com\",\"storageBucket\":\"theredline-jn.firebasestorage.app\"}","GCLOUD_PROJECT":"theredline-jn","EVENTARC_CLOUD_EVENT_SOURCE":"projects/theredline-jn/locations/us-central1/services/fetchNews","FUNCTION_TARGET":"fetchNews","LOG_EXECUTION_ID":"true","NEWSCATCHER_API_KEY":"bvNFViZf97jUjkeuZM3FzEw97R3Kd-5x7fsnFLiG9wg","REPLICATE_API_URL":"\"https://replicate-api-proxy.glitch.me/create_n_get/\"","GOOGLE_AI_STUDIO_API_KEY":"AIzaSyDa_WXAkScd7rPp5iEbWhPp5r-GKjtOTZw"},"ingressSettings":"ALLOW_ALL","uri":"https://fetchnews-inuqrflg3a-uc.a.run.app","serviceAccountEmail":"290283837848-compute@developer.gserviceaccount.com","availableMemory":"256Mi","allTrafficOnLatestRevision":true,"revision":"fetchnews-00058-piv","maxInstanceRequestConcurrency":80,"availableCpu":"1"},"state":"ACTIVE","labels":{"deployment-tool":"cloud-console","firebase-functions-hash":"d762e82b04c98234fc6c8b94de03c17e0d0dc0f9"},"environment":"GEN_2","url":"https://us-central1-theredline-jn.cloudfunctions.net/fetchNews"},"stages":[{"name":"BUILD","message":"Build in progress","state":"IN_PROGRESS","resource":"projects/290283837848/locations/us-central1/builds/140abe55-c435-4b6b-adc2-cdd697876d45","resourceUri":"https://console.cloud.google.com/cloud-build/builds;region=us-central1/140abe55-c435-4b6b-adc2-cdd697876d45?project=290283837848"},{"name":"SERVICE","state":"NOT_STARTED"}],"operationType":"UPDATE_FUNCTION","buildName":"projects/290283837848/locations/us-central1/builds/140abe55-c435-4b6b-adc2-cdd697876d45"},"done":false}
[debug] [2024-11-02T18:17:19.724Z] [update-default-us-central1-fetchNews] Retrying task index 0
[debug] [2024-11-02T18:17:19.725Z] Checked if tokens are valid: true, expires at: 1730574445631
[debug] [2024-11-02T18:17:19.725Z] Checked if tokens are valid: true, expires at: 1730574445631
[debug] [2024-11-02T18:17:19.726Z] >>> [apiv2][query] GET https://cloudfunctions.googleapis.com/v2/projects/theredline-jn/locations/us-central1/operations/operation-1730571437035-625f20fc34f30-6a71d78b-276cf0ce [none]
[debug] [2024-11-02T18:17:19.916Z] <<< [apiv2][status] GET https://cloudfunctions.googleapis.com/v2/projects/theredline-jn/locations/us-central1/operations/operation-1730571437035-625f20fc34f30-6a71d78b-276cf0ce 200
[debug] [2024-11-02T18:17:19.917Z] <<< [apiv2][body] GET https://cloudfunctions.googleapis.com/v2/projects/theredline-jn/locations/us-central1/operations/operation-1730571437035-625f20fc34f30-6a71d78b-276cf0ce {"name":"projects/theredline-jn/locations/us-central1/operations/operation-1730571437035-625f20fc34f30-6a71d78b-276cf0ce","metadata":{"@type":"type.googleapis.com/google.cloud.functions.v2.OperationMetadata","createTime":"2024-11-02T18:17:17.784542050Z","target":"projects/theredline-jn/locations/us-central1/functions/fetchNews","verb":"update","cancelRequested":false,"apiVersion":"v2","requestResource":{"@type":"type.googleapis.com/google.cloud.functions.v2.Function","name":"projects/theredline-jn/locations/us-central1/functions/fetchNews","buildConfig":{"runtime":"nodejs18","entryPoint":"fetchNews","source":{"storageSource":{"bucket":"gcf-v2-sources-290283837848-us-central1","object":"fetchNews/function-source.zip","generation":"1730571437723177"}},"environmentVariables":{"GOOGLE_NODE_RUN_SCRIPTS":""},"dockerRepository":"projects/theredline-jn/locations/us-central1/repositories/gcf-artifacts","sourceProvenance":{"resolvedStorageSource":{"bucket":"gcf-v2-sources-290283837848-us-central1","object":"fetchNews/function-source.zip","generation":"1730571077505032"}},"dockerRegistry":"ARTIFACT_REGISTRY","serviceAccount":"projects/theredline-jn/serviceAccounts/290283837848-compute@developer.gserviceaccount.com","automaticUpdatePolicy":{}},"serviceConfig":{"service":"projects/theredline-jn/locations/us-central1/services/fetchnews","timeoutSeconds":60,"environmentVariables":{"FIREBASE_CONFIG":"{\"projectId\":\"theredline-jn\",\"databaseURL\":\"https://theredline-jn-default-rtdb.firebaseio.com\",\"storageBucket\":\"theredline-jn.firebasestorage.app\"}","GCLOUD_PROJECT":"theredline-jn","EVENTARC_CLOUD_EVENT_SOURCE":"projects/theredline-jn/locations/us-central1/services/fetchNews","FUNCTION_TARGET":"fetchNews","LOG_EXECUTION_ID":"true","NEWSCATCHER_API_KEY":"bvNFViZf97jUjkeuZM3FzEw97R3Kd-5x7fsnFLiG9wg","REPLICATE_API_URL":"\"https://replicate-api-proxy.glitch.me/create_n_get/\"","GOOGLE_AI_STUDIO_API_KEY":"AIzaSyDa_WXAkScd7rPp5iEbWhPp5r-GKjtOTZw"},"ingressSettings":"ALLOW_ALL","uri":"https://fetchnews-inuqrflg3a-uc.a.run.app","serviceAccountEmail":"290283837848-compute@developer.gserviceaccount.com","availableMemory":"256Mi","allTrafficOnLatestRevision":true,"revision":"fetchnews-00058-piv","maxInstanceRequestConcurrency":80,"availableCpu":"1"},"state":"ACTIVE","labels":{"deployment-tool":"cloud-console","firebase-functions-hash":"d762e82b04c98234fc6c8b94de03c17e0d0dc0f9"},"environment":"GEN_2","url":"https://us-central1-theredline-jn.cloudfunctions.net/fetchNews"},"stages":[{"name":"BUILD","message":"Build in progress","state":"IN_PROGRESS","resource":"projects/290283837848/locations/us-central1/builds/140abe55-c435-4b6b-adc2-cdd697876d45","resourceUri":"https://console.cloud.google.com/cloud-build/builds;region=us-central1/140abe55-c435-4b6b-adc2-cdd697876d45?project=290283837848"},{"name":"SERVICE","state":"NOT_STARTED"}],"operationType":"UPDATE_FUNCTION","buildName":"projects/290283837848/locations/us-central1/builds/140abe55-c435-4b6b-adc2-cdd697876d45"},"done":false}
[debug] [2024-11-02T18:17:21.918Z] [update-default-us-central1-fetchNews] Retrying task index 0
[debug] [2024-11-02T18:17:21.920Z] Checked if tokens are valid: true, expires at: 1730574445631
[debug] [2024-11-02T18:17:21.920Z] Checked if tokens are valid: true, expires at: 1730574445631
[debug] [2024-11-02T18:17:21.920Z] >>> [apiv2][query] GET https://cloudfunctions.googleapis.com/v2/projects/theredline-jn/locations/us-central1/operations/operation-1730571437035-625f20fc34f30-6a71d78b-276cf0ce [none]
[debug] [2024-11-02T18:17:22.179Z] <<< [apiv2][status] GET https://cloudfunctions.googleapis.com/v2/projects/theredline-jn/locations/us-central1/operations/operation-1730571437035-625f20fc34f30-6a71d78b-276cf0ce 200
[debug] [2024-11-02T18:17:22.180Z] <<< [apiv2][body] GET https://cloudfunctions.googleapis.com/v2/projects/theredline-jn/locations/us-central1/operations/operation-1730571437035-625f20fc34f30-6a71d78b-276cf0ce {"name":"projects/theredline-jn/locations/us-central1/operations/operation-1730571437035-625f20fc34f30-6a71d78b-276cf0ce","metadata":{"@type":"type.googleapis.com/google.cloud.functions.v2.OperationMetadata","createTime":"2024-11-02T18:17:17.784542050Z","target":"projects/theredline-jn/locations/us-central1/functions/fetchNews","verb":"update","cancelRequested":false,"apiVersion":"v2","requestResource":{"@type":"type.googleapis.com/google.cloud.functions.v2.Function","name":"projects/theredline-jn/locations/us-central1/functions/fetchNews","buildConfig":{"runtime":"nodejs18","entryPoint":"fetchNews","source":{"storageSource":{"bucket":"gcf-v2-sources-290283837848-us-central1","object":"fetchNews/function-source.zip","generation":"1730571437723177"}},"environmentVariables":{"GOOGLE_NODE_RUN_SCRIPTS":""},"dockerRepository":"projects/theredline-jn/locations/us-central1/repositories/gcf-artifacts","sourceProvenance":{"resolvedStorageSource":{"bucket":"gcf-v2-sources-290283837848-us-central1","object":"fetchNews/function-source.zip","generation":"1730571077505032"}},"dockerRegistry":"ARTIFACT_REGISTRY","serviceAccount":"projects/theredline-jn/serviceAccounts/290283837848-compute@developer.gserviceaccount.com","automaticUpdatePolicy":{}},"serviceConfig":{"service":"projects/theredline-jn/locations/us-central1/services/fetchnews","timeoutSeconds":60,"environmentVariables":{"FIREBASE_CONFIG":"{\"projectId\":\"theredline-jn\",\"databaseURL\":\"https://theredline-jn-default-rtdb.firebaseio.com\",\"storageBucket\":\"theredline-jn.firebasestorage.app\"}","GCLOUD_PROJECT":"theredline-jn","EVENTARC_CLOUD_EVENT_SOURCE":"projects/theredline-jn/locations/us-central1/services/fetchNews","FUNCTION_TARGET":"fetchNews","LOG_EXECUTION_ID":"true","NEWSCATCHER_API_KEY":"bvNFViZf97jUjkeuZM3FzEw97R3Kd-5x7fsnFLiG9wg","REPLICATE_API_URL":"\"https://replicate-api-proxy.glitch.me/create_n_get/\"","GOOGLE_AI_STUDIO_API_KEY":"AIzaSyDa_WXAkScd7rPp5iEbWhPp5r-GKjtOTZw"},"ingressSettings":"ALLOW_ALL","uri":"https://fetchnews-inuqrflg3a-uc.a.run.app","serviceAccountEmail":"290283837848-compute@developer.gserviceaccount.com","availableMemory":"256Mi","allTrafficOnLatestRevision":true,"revision":"fetchnews-00058-piv","maxInstanceRequestConcurrency":80,"availableCpu":"1"},"state":"ACTIVE","labels":{"deployment-tool":"cloud-console","firebase-functions-hash":"d762e82b04c98234fc6c8b94de03c17e0d0dc0f9"},"environment":"GEN_2","url":"https://us-central1-theredline-jn.cloudfunctions.net/fetchNews"},"stages":[{"name":"BUILD","message":"Build in progress","state":"IN_PROGRESS","resource":"projects/290283837848/locations/us-central1/builds/140abe55-c435-4b6b-adc2-cdd697876d45","resourceUri":"https://console.cloud.google.com/cloud-build/builds;region=us-central1/140abe55-c435-4b6b-adc2-cdd697876d45?project=290283837848"},{"name":"SERVICE","state":"NOT_STARTED"}],"operationType":"UPDATE_FUNCTION","buildName":"projects/290283837848/locations/us-central1/builds/140abe55-c435-4b6b-adc2-cdd697876d45"},"done":false}
[debug] [2024-11-02T18:17:26.182Z] [update-default-us-central1-fetchNews] Retrying task index 0
[debug] [2024-11-02T18:17:26.187Z] Checked if tokens are valid: true, expires at: 1730574445631
[debug] [2024-11-02T18:17:26.188Z] Checked if tokens are valid: true, expires at: 1730574445631
[debug] [2024-11-02T18:17:26.189Z] >>> [apiv2][query] GET https://cloudfunctions.googleapis.com/v2/projects/theredline-jn/locations/us-central1/operations/operation-1730571437035-625f20fc34f30-6a71d78b-276cf0ce [none]
[debug] [2024-11-02T18:17:26.402Z] <<< [apiv2][status] GET https://cloudfunctions.googleapis.com/v2/projects/theredline-jn/locations/us-central1/operations/operation-1730571437035-625f20fc34f30-6a71d78b-276cf0ce 200
[debug] [2024-11-02T18:17:26.402Z] <<< [apiv2][body] GET https://cloudfunctions.googleapis.com/v2/projects/theredline-jn/locations/us-central1/operations/operation-1730571437035-625f20fc34f30-6a71d78b-276cf0ce {"name":"projects/theredline-jn/locations/us-central1/operations/operation-1730571437035-625f20fc34f30-6a71d78b-276cf0ce","metadata":{"@type":"type.googleapis.com/google.cloud.functions.v2.OperationMetadata","createTime":"2024-11-02T18:17:17.784542050Z","target":"projects/theredline-jn/locations/us-central1/functions/fetchNews","verb":"update","cancelRequested":false,"apiVersion":"v2","requestResource":{"@type":"type.googleapis.com/google.cloud.functions.v2.Function","name":"projects/theredline-jn/locations/us-central1/functions/fetchNews","buildConfig":{"runtime":"nodejs18","entryPoint":"fetchNews","source":{"storageSource":{"bucket":"gcf-v2-sources-290283837848-us-central1","object":"fetchNews/function-source.zip","generation":"1730571437723177"}},"environmentVariables":{"GOOGLE_NODE_RUN_SCRIPTS":""},"dockerRepository":"projects/theredline-jn/locations/us-central1/repositories/gcf-artifacts","sourceProvenance":{"resolvedStorageSource":{"bucket":"gcf-v2-sources-290283837848-us-central1","object":"fetchNews/function-source.zip","generation":"1730571077505032"}},"dockerRegistry":"ARTIFACT_REGISTRY","serviceAccount":"projects/theredline-jn/serviceAccounts/290283837848-compute@developer.gserviceaccount.com","automaticUpdatePolicy":{}},"serviceConfig":{"service":"projects/theredline-jn/locations/us-central1/services/fetchnews","timeoutSeconds":60,"environmentVariables":{"FIREBASE_CONFIG":"{\"projectId\":\"theredline-jn\",\"databaseURL\":\"https://theredline-jn-default-rtdb.firebaseio.com\",\"storageBucket\":\"theredline-jn.firebasestorage.app\"}","GCLOUD_PROJECT":"theredline-jn","EVENTARC_CLOUD_EVENT_SOURCE":"projects/theredline-jn/locations/us-central1/services/fetchNews","FUNCTION_TARGET":"fetchNews","LOG_EXECUTION_ID":"true","NEWSCATCHER_API_KEY":"bvNFViZf97jUjkeuZM3FzEw97R3Kd-5x7fsnFLiG9wg","REPLICATE_API_URL":"\"https://replicate-api-proxy.glitch.me/create_n_get/\"","GOOGLE_AI_STUDIO_API_KEY":"AIzaSyDa_WXAkScd7rPp5iEbWhPp5r-GKjtOTZw"},"ingressSettings":"ALLOW_ALL","uri":"https://fetchnews-inuqrflg3a-uc.a.run.app","serviceAccountEmail":"290283837848-compute@developer.gserviceaccount.com","availableMemory":"256Mi","allTrafficOnLatestRevision":true,"revision":"fetchnews-00058-piv","maxInstanceRequestConcurrency":80,"availableCpu":"1"},"state":"ACTIVE","labels":{"deployment-tool":"cloud-console","firebase-functions-hash":"d762e82b04c98234fc6c8b94de03c17e0d0dc0f9"},"environment":"GEN_2","url":"https://us-central1-theredline-jn.cloudfunctions.net/fetchNews"},"stages":[{"name":"BUILD","message":"Build in progress","state":"IN_PROGRESS","resource":"projects/290283837848/locations/us-central1/builds/140abe55-c435-4b6b-adc2-cdd697876d45","resourceUri":"https://console.cloud.google.com/cloud-build/builds;region=us-central1/140abe55-c435-4b6b-adc2-cdd697876d45?project=290283837848"},{"name":"SERVICE","state":"NOT_STARTED"}],"operationType":"UPDATE_FUNCTION","buildName":"projects/290283837848/locations/us-central1/builds/140abe55-c435-4b6b-adc2-cdd697876d45"},"done":false}
[debug] [2024-11-02T18:17:34.404Z] [update-default-us-central1-fetchNews] Retrying task index 0
[debug] [2024-11-02T18:17:34.406Z] Checked if tokens are valid: true, expires at: 1730574445631
[debug] [2024-11-02T18:17:34.407Z] Checked if tokens are valid: true, expires at: 1730574445631
[debug] [2024-11-02T18:17:34.408Z] >>> [apiv2][query] GET https://cloudfunctions.googleapis.com/v2/projects/theredline-jn/locations/us-central1/operations/operation-1730571437035-625f20fc34f30-6a71d78b-276cf0ce [none]
[debug] [2024-11-02T18:17:34.640Z] <<< [apiv2][status] GET https://cloudfunctions.googleapis.com/v2/projects/theredline-jn/locations/us-central1/operations/operation-1730571437035-625f20fc34f30-6a71d78b-276cf0ce 200
[debug] [2024-11-02T18:17:34.641Z] <<< [apiv2][body] GET https://cloudfunctions.googleapis.com/v2/projects/theredline-jn/locations/us-central1/operations/operation-1730571437035-625f20fc34f30-6a71d78b-276cf0ce {"name":"projects/theredline-jn/locations/us-central1/operations/operation-1730571437035-625f20fc34f30-6a71d78b-276cf0ce","metadata":{"@type":"type.googleapis.com/google.cloud.functions.v2.OperationMetadata","createTime":"2024-11-02T18:17:17.784542050Z","target":"projects/theredline-jn/locations/us-central1/functions/fetchNews","verb":"update","cancelRequested":false,"apiVersion":"v2","requestResource":{"@type":"type.googleapis.com/google.cloud.functions.v2.Function","name":"projects/theredline-jn/locations/us-central1/functions/fetchNews","buildConfig":{"runtime":"nodejs18","entryPoint":"fetchNews","source":{"storageSource":{"bucket":"gcf-v2-sources-290283837848-us-central1","object":"fetchNews/function-source.zip","generation":"1730571437723177"}},"environmentVariables":{"GOOGLE_NODE_RUN_SCRIPTS":""},"dockerRepository":"projects/theredline-jn/locations/us-central1/repositories/gcf-artifacts","sourceProvenance":{"resolvedStorageSource":{"bucket":"gcf-v2-sources-290283837848-us-central1","object":"fetchNews/function-source.zip","generation":"1730571077505032"}},"dockerRegistry":"ARTIFACT_REGISTRY","serviceAccount":"projects/theredline-jn/serviceAccounts/290283837848-compute@developer.gserviceaccount.com","automaticUpdatePolicy":{}},"serviceConfig":{"service":"projects/theredline-jn/locations/us-central1/services/fetchnews","timeoutSeconds":60,"environmentVariables":{"FIREBASE_CONFIG":"{\"projectId\":\"theredline-jn\",\"databaseURL\":\"https://theredline-jn-default-rtdb.firebaseio.com\",\"storageBucket\":\"theredline-jn.firebasestorage.app\"}","GCLOUD_PROJECT":"theredline-jn","EVENTARC_CLOUD_EVENT_SOURCE":"projects/theredline-jn/locations/us-central1/services/fetchNews","FUNCTION_TARGET":"fetchNews","LOG_EXECUTION_ID":"true","NEWSCATCHER_API_KEY":"bvNFViZf97jUjkeuZM3FzEw97R3Kd-5x7fsnFLiG9wg","REPLICATE_API_URL":"\"https://replicate-api-proxy.glitch.me/create_n_get/\"","GOOGLE_AI_STUDIO_API_KEY":"AIzaSyDa_WXAkScd7rPp5iEbWhPp5r-GKjtOTZw"},"ingressSettings":"ALLOW_ALL","uri":"https://fetchnews-inuqrflg3a-uc.a.run.app","serviceAccountEmail":"290283837848-compute@developer.gserviceaccount.com","availableMemory":"256Mi","allTrafficOnLatestRevision":true,"revision":"fetchnews-00058-piv","maxInstanceRequestConcurrency":80,"availableCpu":"1"},"state":"ACTIVE","labels":{"deployment-tool":"cloud-console","firebase-functions-hash":"d762e82b04c98234fc6c8b94de03c17e0d0dc0f9"},"environment":"GEN_2","url":"https://us-central1-theredline-jn.cloudfunctions.net/fetchNews"},"stages":[{"name":"BUILD","message":"Build in progress","state":"IN_PROGRESS","resource":"projects/290283837848/locations/us-central1/builds/140abe55-c435-4b6b-adc2-cdd697876d45","resourceUri":"https://console.cloud.google.com/cloud-build/builds;region=us-central1/140abe55-c435-4b6b-adc2-cdd697876d45?project=290283837848"},{"name":"SERVICE","state":"NOT_STARTED"}],"operationType":"UPDATE_FUNCTION","buildName":"projects/290283837848/locations/us-central1/builds/140abe55-c435-4b6b-adc2-cdd697876d45"},"done":false}
[debug] [2024-11-02T18:17:44.643Z] [update-default-us-central1-fetchNews] Retrying task index 0
[debug] [2024-11-02T18:17:44.643Z] Checked if tokens are valid: true, expires at: 1730574445631
[debug] [2024-11-02T18:17:44.643Z] Checked if tokens are valid: true, expires at: 1730574445631
[debug] [2024-11-02T18:17:44.644Z] >>> [apiv2][query] GET https://cloudfunctions.googleapis.com/v2/projects/theredline-jn/locations/us-central1/operations/operation-1730571437035-625f20fc34f30-6a71d78b-276cf0ce [none]
[debug] [2024-11-02T18:17:45.019Z] <<< [apiv2][status] GET https://cloudfunctions.googleapis.com/v2/projects/theredline-jn/locations/us-central1/operations/operation-1730571437035-625f20fc34f30-6a71d78b-276cf0ce 200
[debug] [2024-11-02T18:17:45.019Z] <<< [apiv2][body] GET https://cloudfunctions.googleapis.com/v2/projects/theredline-jn/locations/us-central1/operations/operation-1730571437035-625f20fc34f30-6a71d78b-276cf0ce {"name":"projects/theredline-jn/locations/us-central1/operations/operation-1730571437035-625f20fc34f30-6a71d78b-276cf0ce","metadata":{"@type":"type.googleapis.com/google.cloud.functions.v2.OperationMetadata","createTime":"2024-11-02T18:17:17.784542050Z","target":"projects/theredline-jn/locations/us-central1/functions/fetchNews","verb":"update","cancelRequested":false,"apiVersion":"v2","requestResource":{"@type":"type.googleapis.com/google.cloud.functions.v2.Function","name":"projects/theredline-jn/locations/us-central1/functions/fetchNews","buildConfig":{"runtime":"nodejs18","entryPoint":"fetchNews","source":{"storageSource":{"bucket":"gcf-v2-sources-290283837848-us-central1","object":"fetchNews/function-source.zip","generation":"1730571437723177"}},"environmentVariables":{"GOOGLE_NODE_RUN_SCRIPTS":""},"dockerRepository":"projects/theredline-jn/locations/us-central1/repositories/gcf-artifacts","sourceProvenance":{"resolvedStorageSource":{"bucket":"gcf-v2-sources-290283837848-us-central1","object":"fetchNews/function-source.zip","generation":"1730571077505032"}},"dockerRegistry":"ARTIFACT_REGISTRY","serviceAccount":"projects/theredline-jn/serviceAccounts/290283837848-compute@developer.gserviceaccount.com","automaticUpdatePolicy":{}},"serviceConfig":{"service":"projects/theredline-jn/locations/us-central1/services/fetchnews","timeoutSeconds":60,"environmentVariables":{"FIREBASE_CONFIG":"{\"projectId\":\"theredline-jn\",\"databaseURL\":\"https://theredline-jn-default-rtdb.firebaseio.com\",\"storageBucket\":\"theredline-jn.firebasestorage.app\"}","GCLOUD_PROJECT":"theredline-jn","EVENTARC_CLOUD_EVENT_SOURCE":"projects/theredline-jn/locations/us-central1/services/fetchNews","FUNCTION_TARGET":"fetchNews","LOG_EXECUTION_ID":"true","NEWSCATCHER_API_KEY":"bvNFViZf97jUjkeuZM3FzEw97R3Kd-5x7fsnFLiG9wg","REPLICATE_API_URL":"\"https://replicate-api-proxy.glitch.me/create_n_get/\"","GOOGLE_AI_STUDIO_API_KEY":"AIzaSyDa_WXAkScd7rPp5iEbWhPp5r-GKjtOTZw"},"ingressSettings":"ALLOW_ALL","uri":"https://fetchnews-inuqrflg3a-uc.a.run.app","serviceAccountEmail":"290283837848-compute@developer.gserviceaccount.com","availableMemory":"256Mi","allTrafficOnLatestRevision":true,"revision":"fetchnews-00058-piv","maxInstanceRequestConcurrency":80,"availableCpu":"1"},"state":"ACTIVE","labels":{"deployment-tool":"cloud-console","firebase-functions-hash":"d762e82b04c98234fc6c8b94de03c17e0d0dc0f9"},"environment":"GEN_2","url":"https://us-central1-theredline-jn.cloudfunctions.net/fetchNews"},"stages":[{"name":"BUILD","message":"Build in progress","state":"IN_PROGRESS","resource":"projects/290283837848/locations/us-central1/builds/140abe55-c435-4b6b-adc2-cdd697876d45","resourceUri":"https://console.cloud.google.com/cloud-build/builds;region=us-central1/140abe55-c435-4b6b-adc2-cdd697876d45?project=290283837848"},{"name":"SERVICE","state":"NOT_STARTED"}],"operationType":"UPDATE_FUNCTION","buildName":"projects/290283837848/locations/us-central1/builds/140abe55-c435-4b6b-adc2-cdd697876d45"},"done":false}
[debug] [2024-11-02T18:17:55.022Z] [update-default-us-central1-fetchNews] Retrying task index 0
[debug] [2024-11-02T18:17:55.023Z] Checked if tokens are valid: true, expires at: 1730574445631
[debug] [2024-11-02T18:17:55.024Z] Checked if tokens are valid: true, expires at: 1730574445631
[debug] [2024-11-02T18:17:55.024Z] >>> [apiv2][query] GET https://cloudfunctions.googleapis.com/v2/projects/theredline-jn/locations/us-central1/operations/operation-1730571437035-625f20fc34f30-6a71d78b-276cf0ce [none]
[debug] [2024-11-02T18:17:55.234Z] <<< [apiv2][status] GET https://cloudfunctions.googleapis.com/v2/projects/theredline-jn/locations/us-central1/operations/operation-1730571437035-625f20fc34f30-6a71d78b-276cf0ce 200
[debug] [2024-11-02T18:17:55.235Z] <<< [apiv2][body] GET https://cloudfunctions.googleapis.com/v2/projects/theredline-jn/locations/us-central1/operations/operation-1730571437035-625f20fc34f30-6a71d78b-276cf0ce {"name":"projects/theredline-jn/locations/us-central1/operations/operation-1730571437035-625f20fc34f30-6a71d78b-276cf0ce","metadata":{"@type":"type.googleapis.com/google.cloud.functions.v2.OperationMetadata","createTime":"2024-11-02T18:17:17.784542050Z","target":"projects/theredline-jn/locations/us-central1/functions/fetchNews","verb":"update","cancelRequested":false,"apiVersion":"v2","requestResource":{"@type":"type.googleapis.com/google.cloud.functions.v2.Function","name":"projects/theredline-jn/locations/us-central1/functions/fetchNews","buildConfig":{"runtime":"nodejs18","entryPoint":"fetchNews","source":{"storageSource":{"bucket":"gcf-v2-sources-290283837848-us-central1","object":"fetchNews/function-source.zip","generation":"1730571437723177"}},"environmentVariables":{"GOOGLE_NODE_RUN_SCRIPTS":""},"dockerRepository":"projects/theredline-jn/locations/us-central1/repositories/gcf-artifacts","sourceProvenance":{"resolvedStorageSource":{"bucket":"gcf-v2-sources-290283837848-us-central1","object":"fetchNews/function-source.zip","generation":"1730571077505032"}},"dockerRegistry":"ARTIFACT_REGISTRY","serviceAccount":"projects/theredline-jn/serviceAccounts/290283837848-compute@developer.gserviceaccount.com","automaticUpdatePolicy":{}},"serviceConfig":{"service":"projects/theredline-jn/locations/us-central1/services/fetchnews","timeoutSeconds":60,"environmentVariables":{"FIREBASE_CONFIG":"{\"projectId\":\"theredline-jn\",\"databaseURL\":\"https://theredline-jn-default-rtdb.firebaseio.com\",\"storageBucket\":\"theredline-jn.firebasestorage.app\"}","GCLOUD_PROJECT":"theredline-jn","EVENTARC_CLOUD_EVENT_SOURCE":"projects/theredline-jn/locations/us-central1/services/fetchNews","FUNCTION_TARGET":"fetchNews","LOG_EXECUTION_ID":"true","NEWSCATCHER_API_KEY":"bvNFViZf97jUjkeuZM3FzEw97R3Kd-5x7fsnFLiG9wg","REPLICATE_API_URL":"\"https://replicate-api-proxy.glitch.me/create_n_get/\"","GOOGLE_AI_STUDIO_API_KEY":"AIzaSyDa_WXAkScd7rPp5iEbWhPp5r-GKjtOTZw"},"ingressSettings":"ALLOW_ALL","uri":"https://fetchnews-inuqrflg3a-uc.a.run.app","serviceAccountEmail":"290283837848-compute@developer.gserviceaccount.com","availableMemory":"256Mi","allTrafficOnLatestRevision":true,"revision":"fetchnews-00058-piv","maxInstanceRequestConcurrency":80,"availableCpu":"1"},"state":"ACTIVE","labels":{"deployment-tool":"cloud-console","firebase-functions-hash":"d762e82b04c98234fc6c8b94de03c17e0d0dc0f9"},"environment":"GEN_2","url":"https://us-central1-theredline-jn.cloudfunctions.net/fetchNews"},"stages":[{"name":"BUILD","message":"Build finished","state":"COMPLETE","resource":"projects/290283837848/locations/us-central1/builds/140abe55-c435-4b6b-adc2-cdd697876d45","resourceUri":"https://console.cloud.google.com/cloud-build/builds;region=us-central1/140abe55-c435-4b6b-adc2-cdd697876d45?project=290283837848"},{"name":"SERVICE","message":"Updating Cloud Run service","state":"IN_PROGRESS","resource":"projects/theredline-jn/locations/us-central1/services/fetchnews","resourceUri":"https://console.cloud.google.com/run/detail/us-central1/fetchnews?project=theredline-jn","stateMessages":[{"severity":"INFO","type":"CloudRunServiceNewRevisionTrafficInfo","message":"A new revision will be deployed serving with 100% traffic."}]}],"sourceToken":"Cldwcm9qZWN0cy8yOTAyODM4Mzc4NDgvbG9jYXRpb25zL3VzLWNlbnRyYWwxL2J1aWxkcy8xNDBhYmU1NS1jNDM1LTRiNmItYWRjMi1jZGQ2OTc4NzZkNDUSaXVzLWNlbnRyYWwxLWRvY2tlci5wa2cuZGV2L3RoZXJlZGxpbmUtam4vZ2NmLWFydGlmYWN0cy90aGVyZWRsaW5lLS1qbl9fdXMtLWNlbnRyYWwxX19mZXRjaF9uZXdzOnZlcnNpb25fMRiYs4+yuQgiQHByb2plY3RzL3RoZXJlZGxpbmUtam4vbG9jYXRpb25zL3VzLWNlbnRyYWwxL2Z1bmN0aW9ucy9mZXRjaE5ld3MqDAjN2Zm5BhDguYWjAzIIbm9kZWpzMTg6dgojZ2NyLmlvL2dhZS1ydW50aW1lcy9ub2RlanMxODpzdGFibGUST3VzLWNlbnRyYWwxLWRvY2tlci5wa2cuZGV2L3NlcnZlcmxlc3MtcnVudGltZXMvZ29vZ2xlLTIyLWZ1bGwvcnVudGltZXMvbm9kZWpzMThAAQ==","operationType":"UPDATE_FUNCTION","buildName":"projects/290283837848/locations/us-central1/builds/140abe55-c435-4b6b-adc2-cdd697876d45"},"done":false}
[debug] [2024-11-02T18:17:55.236Z] Got source token Cldwcm9qZWN0cy8yOTAyODM4Mzc4NDgvbG9jYXRpb25zL3VzLWNlbnRyYWwxL2J1aWxkcy8xNDBhYmU1NS1jNDM1LTRiNmItYWRjMi1jZGQ2OTc4NzZkNDUSaXVzLWNlbnRyYWwxLWRvY2tlci5wa2cuZGV2L3RoZXJlZGxpbmUtam4vZ2NmLWFydGlmYWN0cy90aGVyZWRsaW5lLS1qbl9fdXMtLWNlbnRyYWwxX19mZXRjaF9uZXdzOnZlcnNpb25fMRiYs4+yuQgiQHByb2plY3RzL3RoZXJlZGxpbmUtam4vbG9jYXRpb25zL3VzLWNlbnRyYWwxL2Z1bmN0aW9ucy9mZXRjaE5ld3MqDAjN2Zm5BhDguYWjAzIIbm9kZWpzMTg6dgojZ2NyLmlvL2dhZS1ydW50aW1lcy9ub2RlanMxODpzdGFibGUST3VzLWNlbnRyYWwxLWRvY2tlci5wa2cuZGV2L3NlcnZlcmxlc3MtcnVudGltZXMvZ29vZ2xlLTIyLWZ1bGwvcnVudGltZXMvbm9kZWpzMThAAQ== for region us-central1
[debug] [2024-11-02T18:18:05.237Z] [update-default-us-central1-fetchNews] Retrying task index 0
[debug] [2024-11-02T18:18:05.238Z] Checked if tokens are valid: true, expires at: 1730574445631
[debug] [2024-11-02T18:18:05.238Z] Checked if tokens are valid: true, expires at: 1730574445631
[debug] [2024-11-02T18:18:05.238Z] >>> [apiv2][query] GET https://cloudfunctions.googleapis.com/v2/projects/theredline-jn/locations/us-central1/operations/operation-1730571437035-625f20fc34f30-6a71d78b-276cf0ce [none]
[debug] [2024-11-02T18:18:05.460Z] <<< [apiv2][status] GET https://cloudfunctions.googleapis.com/v2/projects/theredline-jn/locations/us-central1/operations/operation-1730571437035-625f20fc34f30-6a71d78b-276cf0ce 200
[debug] [2024-11-02T18:18:05.461Z] <<< [apiv2][body] GET https://cloudfunctions.googleapis.com/v2/projects/theredline-jn/locations/us-central1/operations/operation-1730571437035-625f20fc34f30-6a71d78b-276cf0ce {"name":"projects/theredline-jn/locations/us-central1/operations/operation-1730571437035-625f20fc34f30-6a71d78b-276cf0ce","metadata":{"@type":"type.googleapis.com/google.cloud.functions.v2.OperationMetadata","createTime":"2024-11-02T18:17:17.784542050Z","target":"projects/theredline-jn/locations/us-central1/functions/fetchNews","verb":"update","cancelRequested":false,"apiVersion":"v2","requestResource":{"@type":"type.googleapis.com/google.cloud.functions.v2.Function","name":"projects/theredline-jn/locations/us-central1/functions/fetchNews","buildConfig":{"runtime":"nodejs18","entryPoint":"fetchNews","source":{"storageSource":{"bucket":"gcf-v2-sources-290283837848-us-central1","object":"fetchNews/function-source.zip","generation":"1730571437723177"}},"environmentVariables":{"GOOGLE_NODE_RUN_SCRIPTS":""},"dockerRepository":"projects/theredline-jn/locations/us-central1/repositories/gcf-artifacts","sourceProvenance":{"resolvedStorageSource":{"bucket":"gcf-v2-sources-290283837848-us-central1","object":"fetchNews/function-source.zip","generation":"1730571077505032"}},"dockerRegistry":"ARTIFACT_REGISTRY","serviceAccount":"projects/theredline-jn/serviceAccounts/290283837848-compute@developer.gserviceaccount.com","automaticUpdatePolicy":{}},"serviceConfig":{"service":"projects/theredline-jn/locations/us-central1/services/fetchnews","timeoutSeconds":60,"environmentVariables":{"FIREBASE_CONFIG":"{\"projectId\":\"theredline-jn\",\"databaseURL\":\"https://theredline-jn-default-rtdb.firebaseio.com\",\"storageBucket\":\"theredline-jn.firebasestorage.app\"}","GCLOUD_PROJECT":"theredline-jn","EVENTARC_CLOUD_EVENT_SOURCE":"projects/theredline-jn/locations/us-central1/services/fetchNews","FUNCTION_TARGET":"fetchNews","LOG_EXECUTION_ID":"true","NEWSCATCHER_API_KEY":"bvNFViZf97jUjkeuZM3FzEw97R3Kd-5x7fsnFLiG9wg","REPLICATE_API_URL":"\"https://replicate-api-proxy.glitch.me/create_n_get/\"","GOOGLE_AI_STUDIO_API_KEY":"AIzaSyDa_WXAkScd7rPp5iEbWhPp5r-GKjtOTZw"},"ingressSettings":"ALLOW_ALL","uri":"https://fetchnews-inuqrflg3a-uc.a.run.app","serviceAccountEmail":"290283837848-compute@developer.gserviceaccount.com","availableMemory":"256Mi","allTrafficOnLatestRevision":true,"revision":"fetchnews-00058-piv","maxInstanceRequestConcurrency":80,"availableCpu":"1"},"state":"ACTIVE","labels":{"deployment-tool":"cloud-console","firebase-functions-hash":"d762e82b04c98234fc6c8b94de03c17e0d0dc0f9"},"environment":"GEN_2","url":"https://us-central1-theredline-jn.cloudfunctions.net/fetchNews"},"stages":[{"name":"BUILD","message":"Build finished","state":"COMPLETE","resource":"projects/290283837848/locations/us-central1/builds/140abe55-c435-4b6b-adc2-cdd697876d45","resourceUri":"https://console.cloud.google.com/cloud-build/builds;region=us-central1/140abe55-c435-4b6b-adc2-cdd697876d45?project=290283837848"},{"name":"SERVICE","message":"Updating Cloud Run service","state":"IN_PROGRESS","resource":"projects/theredline-jn/locations/us-central1/services/fetchnews","resourceUri":"https://console.cloud.google.com/run/detail/us-central1/fetchnews?project=theredline-jn","stateMessages":[{"severity":"INFO","type":"CloudRunServiceNewRevisionTrafficInfo","message":"A new revision will be deployed serving with 100% traffic."}]}],"sourceToken":"Cldwcm9qZWN0cy8yOTAyODM4Mzc4NDgvbG9jYXRpb25zL3VzLWNlbnRyYWwxL2J1aWxkcy8xNDBhYmU1NS1jNDM1LTRiNmItYWRjMi1jZGQ2OTc4NzZkNDUSaXVzLWNlbnRyYWwxLWRvY2tlci5wa2cuZGV2L3RoZXJlZGxpbmUtam4vZ2NmLWFydGlmYWN0cy90aGVyZWRsaW5lLS1qbl9fdXMtLWNlbnRyYWwxX19mZXRjaF9uZXdzOnZlcnNpb25fMRiYs4+yuQgiQHByb2plY3RzL3RoZXJlZGxpbmUtam4vbG9jYXRpb25zL3VzLWNlbnRyYWwxL2Z1bmN0aW9ucy9mZXRjaE5ld3MqDAjN2Zm5BhDguYWjAzIIbm9kZWpzMTg6dgojZ2NyLmlvL2dhZS1ydW50aW1lcy9ub2RlanMxODpzdGFibGUST3VzLWNlbnRyYWwxLWRvY2tlci5wa2cuZGV2L3NlcnZlcmxlc3MtcnVudGltZXMvZ29vZ2xlLTIyLWZ1bGwvcnVudGltZXMvbm9kZWpzMThAAQ==","operationType":"UPDATE_FUNCTION","buildName":"projects/290283837848/locations/us-central1/builds/140abe55-c435-4b6b-adc2-cdd697876d45"},"done":false}
[debug] [2024-11-02T18:18:05.461Z] Got source token Cldwcm9qZWN0cy8yOTAyODM4Mzc4NDgvbG9jYXRpb25zL3VzLWNlbnRyYWwxL2J1aWxkcy8xNDBhYmU1NS1jNDM1LTRiNmItYWRjMi1jZGQ2OTc4NzZkNDUSaXVzLWNlbnRyYWwxLWRvY2tlci5wa2cuZGV2L3RoZXJlZGxpbmUtam4vZ2NmLWFydGlmYWN0cy90aGVyZWRsaW5lLS1qbl9fdXMtLWNlbnRyYWwxX19mZXRjaF9uZXdzOnZlcnNpb25fMRiYs4+yuQgiQHByb2plY3RzL3RoZXJlZGxpbmUtam4vbG9jYXRpb25zL3VzLWNlbnRyYWwxL2Z1bmN0aW9ucy9mZXRjaE5ld3MqDAjN2Zm5BhDguYWjAzIIbm9kZWpzMTg6dgojZ2NyLmlvL2dhZS1ydW50aW1lcy9ub2RlanMxODpzdGFibGUST3VzLWNlbnRyYWwxLWRvY2tlci5wa2cuZGV2L3NlcnZlcmxlc3MtcnVudGltZXMvZ29vZ2xlLTIyLWZ1bGwvcnVudGltZXMvbm9kZWpzMThAAQ== for region us-central1
[debug] [2024-11-02T18:18:15.466Z] [update-default-us-central1-fetchNews] Retrying task index 0
[debug] [2024-11-02T18:18:15.468Z] Checked if tokens are valid: true, expires at: 1730574445631
[debug] [2024-11-02T18:18:15.468Z] Checked if tokens are valid: true, expires at: 1730574445631
[debug] [2024-11-02T18:18:15.469Z] >>> [apiv2][query] GET https://cloudfunctions.googleapis.com/v2/projects/theredline-jn/locations/us-central1/operations/operation-1730571437035-625f20fc34f30-6a71d78b-276cf0ce [none]
[debug] [2024-11-02T18:18:15.717Z] <<< [apiv2][status] GET https://cloudfunctions.googleapis.com/v2/projects/theredline-jn/locations/us-central1/operations/operation-1730571437035-625f20fc34f30-6a71d78b-276cf0ce 200
[debug] [2024-11-02T18:18:15.719Z] <<< [apiv2][body] GET https://cloudfunctions.googleapis.com/v2/projects/theredline-jn/locations/us-central1/operations/operation-1730571437035-625f20fc34f30-6a71d78b-276cf0ce {"name":"projects/theredline-jn/locations/us-central1/operations/operation-1730571437035-625f20fc34f30-6a71d78b-276cf0ce","metadata":{"@type":"type.googleapis.com/google.cloud.functions.v2.OperationMetadata","createTime":"2024-11-02T18:17:17.784542050Z","endTime":"2024-11-02T18:18:12.590670275Z","target":"projects/theredline-jn/locations/us-central1/functions/fetchNews","verb":"update","cancelRequested":false,"apiVersion":"v2","requestResource":{"@type":"type.googleapis.com/google.cloud.functions.v2.Function","name":"projects/theredline-jn/locations/us-central1/functions/fetchNews","buildConfig":{"runtime":"nodejs18","entryPoint":"fetchNews","source":{"storageSource":{"bucket":"gcf-v2-sources-290283837848-us-central1","object":"fetchNews/function-source.zip","generation":"1730571437723177"}},"environmentVariables":{"GOOGLE_NODE_RUN_SCRIPTS":""},"dockerRepository":"projects/theredline-jn/locations/us-central1/repositories/gcf-artifacts","sourceProvenance":{"resolvedStorageSource":{"bucket":"gcf-v2-sources-290283837848-us-central1","object":"fetchNews/function-source.zip","generation":"1730571077505032"}},"dockerRegistry":"ARTIFACT_REGISTRY","serviceAccount":"projects/theredline-jn/serviceAccounts/290283837848-compute@developer.gserviceaccount.com","automaticUpdatePolicy":{}},"serviceConfig":{"service":"projects/theredline-jn/locations/us-central1/services/fetchnews","timeoutSeconds":60,"environmentVariables":{"FIREBASE_CONFIG":"{\"projectId\":\"theredline-jn\",\"databaseURL\":\"https://theredline-jn-default-rtdb.firebaseio.com\",\"storageBucket\":\"theredline-jn.firebasestorage.app\"}","GCLOUD_PROJECT":"theredline-jn","EVENTARC_CLOUD_EVENT_SOURCE":"projects/theredline-jn/locations/us-central1/services/fetchNews","FUNCTION_TARGET":"fetchNews","LOG_EXECUTION_ID":"true","NEWSCATCHER_API_KEY":"bvNFViZf97jUjkeuZM3FzEw97R3Kd-5x7fsnFLiG9wg","REPLICATE_API_URL":"\"https://replicate-api-proxy.glitch.me/create_n_get/\"","GOOGLE_AI_STUDIO_API_KEY":"AIzaSyDa_WXAkScd7rPp5iEbWhPp5r-GKjtOTZw"},"ingressSettings":"ALLOW_ALL","uri":"https://fetchnews-inuqrflg3a-uc.a.run.app","serviceAccountEmail":"290283837848-compute@developer.gserviceaccount.com","availableMemory":"256Mi","allTrafficOnLatestRevision":true,"revision":"fetchnews-00058-piv","maxInstanceRequestConcurrency":80,"availableCpu":"1"},"state":"ACTIVE","labels":{"deployment-tool":"cloud-console","firebase-functions-hash":"d762e82b04c98234fc6c8b94de03c17e0d0dc0f9"},"environment":"GEN_2","url":"https://us-central1-theredline-jn.cloudfunctions.net/fetchNews"},"stages":[{"name":"SERVICE","state":"NOT_STARTED"}],"operationType":"UPDATE_FUNCTION"},"done":true,"error":{"code":3,"message":"Could not create or update Cloud Run service fetchnews, Container Healthcheck failed. Revision 'fetchnews-00059-nuv' is not ready and cannot serve traffic. The user-provided container failed to start and listen on the port defined provided by the PORT=8080 environment variable within the allocated timeout. This can happen when the container port is misconfigured or if the timeout is too short. The healtcheck timeout can be extended. Logs for this revision might contain more information.\n\nLogs URL: https://console.cloud.google.com/logs/viewer?project=theredline-jn&resource=cloud_run_revision/service_name/fetchnews/revision_name/fetchnews-00059-nuv&advancedFilter=resource.type%3D%22cloud_run_revision%22%0Aresource.labels.service_name%3D%22fetchnews%22%0Aresource.labels.revision_name%3D%22fetchnews-00059-nuv%22 \nFor more troubleshooting guidance, see https://cloud.google.com/run/docs/troubleshooting#container-failed-to-start"}}
[debug] [2024-11-02T18:18:15.720Z] Got source token undefined for region us-central1
[error] Could not create or update Cloud Run service fetchnews, Container Healthcheck failed. Revision 'fetchnews-00059-nuv' is not ready and cannot serve traffic. The user-provided container failed to start and listen on the port defined provided by the PORT=8080 environment variable within the allocated timeout. This can happen when the container port is misconfigured or if the timeout is too short. The healtcheck timeout can be extended. Logs for this revision might contain more information.

Logs URL: https://console.cloud.google.com/logs/viewer?project=theredline-jn&resource=cloud_run_revision/service_name/fetchnews/revision_name/fetchnews-00059-nuv&advancedFilter=resource.type%3D%22cloud_run_revision%22%0Aresource.labels.service_name%3D%22fetchnews%22%0Aresource.labels.revision_name%3D%22fetchnews-00059-nuv%22 
For more troubleshooting guidance, see https://cloud.google.com/run/docs/troubleshooting#container-failed-to-start
[debug] [2024-11-02T18:18:15.734Z] Total Function Deployment time: 58913
[debug] [2024-11-02T18:18:15.734Z] 1 Functions Deployed
[debug] [2024-11-02T18:18:15.734Z] 1 Functions Errored
[debug] [2024-11-02T18:18:15.734Z] 0 Function Deployments Aborted
[debug] [2024-11-02T18:18:15.734Z] Average Function Deployment time: 58912
[info] 
[info] Functions deploy had errors with the following functions:
	fetchNews(us-central1)
[debug] [2024-11-02T18:18:15.794Z] Not printing URL for HTTPS function. Typically this means it didn't match a filter or we failed deployment
[info] i  functions: cleaning up build files... 
[debug] [2024-11-02T18:18:15.797Z] Checked if tokens are valid: true, expires at: 1730574445631
[debug] [2024-11-02T18:18:15.797Z] Checked if tokens are valid: true, expires at: 1730574445631
[debug] [2024-11-02T18:18:15.798Z] Checked if tokens are valid: true, expires at: 1730574445631
[debug] [2024-11-02T18:18:15.798Z] Checked if tokens are valid: true, expires at: 1730574445631
[debug] [2024-11-02T18:18:15.798Z] >>> [apiv2][query] DELETE https://artifactregistry.googleapis.com/v1beta2/projects/theredline-jn/locations/us-central1/repositories/gcf-artifacts/packages/fetch_news [none]
[debug] [2024-11-02T18:18:15.800Z] >>> [apiv2][query] GET https://us.gcr.io/v2/theredline-jn/gcf/us-central1/tags/list [none]
[debug] [2024-11-02T18:18:15.961Z] <<< [apiv2][status] GET https://us.gcr.io/v2/theredline-jn/gcf/us-central1/tags/list 404
[debug] [2024-11-02T18:18:15.962Z] <<< [apiv2][body] GET https://us.gcr.io/v2/theredline-jn/gcf/us-central1/tags/list {"errors":[{"code":"NAME_UNKNOWN","message":"Repository \"us.gcr.io\" not found"}]}
[debug] [2024-11-02T18:18:15.967Z] Failed docker command with error  HTTP Error: 404, Not Found {"name":"FirebaseError","children":[],"context":{"body":{"errors":[{"code":"NAME_UNKNOWN","message":"Repository \"us.gcr.io\" not found"}],"error":{"message":"Not Found"}},"response":{"statusCode":404}},"exit":1,"message":"HTTP Error: 404, Not Found","status":404}
[debug] [2024-11-02T18:18:15.972Z] Checked if tokens are valid: true, expires at: 1730574445631
[debug] [2024-11-02T18:18:15.972Z] Checked if tokens are valid: true, expires at: 1730574445631
[debug] [2024-11-02T18:18:15.972Z] >>> [apiv2][query] GET https://us.gcr.io/v2/theredline-jn/gcf/us-central1/tags/list [none]
[debug] [2024-11-02T18:18:16.036Z] <<< [apiv2][status] DELETE https://artifactregistry.googleapis.com/v1beta2/projects/theredline-jn/locations/us-central1/repositories/gcf-artifacts/packages/fetch_news 404
[debug] [2024-11-02T18:18:16.037Z] <<< [apiv2][body] DELETE https://artifactregistry.googleapis.com/v1beta2/projects/theredline-jn/locations/us-central1/repositories/gcf-artifacts/packages/fetch_news {"error":{"code":404,"message":"Package \"projects/theredline-jn/locations/us-central1/repositories/gcf-artifacts/packages/fetch_news\" was not found.","status":"NOT_FOUND"}}
[debug] [2024-11-02T18:18:16.100Z] <<< [apiv2][status] GET https://us.gcr.io/v2/theredline-jn/gcf/us-central1/tags/list 404
[debug] [2024-11-02T18:18:16.100Z] <<< [apiv2][body] GET https://us.gcr.io/v2/theredline-jn/gcf/us-central1/tags/list {"errors":[{"code":"NAME_UNKNOWN","message":"Repository \"us.gcr.io\" not found"}]}
[debug] [2024-11-02T18:18:16.101Z] Failed docker command with error  HTTP Error: 404, Not Found {"name":"FirebaseError","children":[],"context":{"body":{"errors":[{"code":"NAME_UNKNOWN","message":"Repository \"us.gcr.io\" not found"}],"error":{"message":"Not Found"}},"response":{"statusCode":404}},"exit":1,"message":"HTTP Error: 404, Not Found","status":404}
[debug] [2024-11-02T18:18:16.202Z] Checked if tokens are valid: true, expires at: 1730574445631
[debug] [2024-11-02T18:18:16.203Z] Checked if tokens are valid: true, expires at: 1730574445631
[debug] [2024-11-02T18:18:16.203Z] >>> [apiv2][query] GET https://us.gcr.io/v2/theredline-jn/gcf/us-central1/tags/list [none]
[debug] [2024-11-02T18:18:16.348Z] <<< [apiv2][status] GET https://us.gcr.io/v2/theredline-jn/gcf/us-central1/tags/list 404
[debug] [2024-11-02T18:18:16.349Z] <<< [apiv2][body] GET https://us.gcr.io/v2/theredline-jn/gcf/us-central1/tags/list {"errors":[{"code":"NAME_UNKNOWN","message":"Repository \"us.gcr.io\" not found"}]}
[debug] [2024-11-02T18:18:16.350Z] Failed docker command with error  HTTP Error: 404, Not Found {"name":"FirebaseError","children":[],"context":{"body":{"errors":[{"code":"NAME_UNKNOWN","message":"Repository \"us.gcr.io\" not found"}],"error":{"message":"Not Found"}},"response":{"statusCode":404}},"exit":1,"message":"HTTP Error: 404, Not Found","status":404}
[warn] ⚠  functions: Unhandled error cleaning up build images. This could result in a small monthly bill if not corrected. You can attempt to delete these images by redeploying or you can delete them manually at https://console.cloud.google.com/gcr/images/theredline-jn/us/gcf 
[debug] [2024-11-02T18:18:16.353Z] Functions deploy failed.
[debug] [2024-11-02T18:18:16.354Z] {
  "endpoint": {
    "id": "fetchNews",
    "project": "theredline-jn",
    "region": "us-central1",
    "entryPoint": "fetchNews",
    "platform": "gcfv2",
    "runtime": "nodejs18",
    "httpsTrigger": {},
    "labels": {
      "deployment-tool": "cli-firebase"
    },
    "ingressSettings": null,
    "availableMemoryMb": null,
    "serviceAccount": null,
    "timeoutSeconds": null,
    "maxInstances": null,
    "minInstances": null,
    "concurrency": 80,
    "vpc": null,
    "environmentVariables": {
      "FIREBASE_CONFIG": "{\"projectId\":\"theredline-jn\",\"databaseURL\":\"https://theredline-jn-default-rtdb.firebaseio.com\",\"storageBucket\":\"theredline-jn.firebasestorage.app\"}",
      "GCLOUD_PROJECT": "theredline-jn",
      "EVENTARC_CLOUD_EVENT_SOURCE": "projects/theredline-jn/locations/us-central1/services/fetchNews",
      "FUNCTION_TARGET": "fetchNews",
      "LOG_EXECUTION_ID": "true",
      "NEWSCATCHER_API_KEY": "bvNFViZf97jUjkeuZM3FzEw97R3Kd-5x7fsnFLiG9wg",
      "REPLICATE_API_URL": "\"https://replicate-api-proxy.glitch.me/create_n_get/\"",
      "GOOGLE_AI_STUDIO_API_KEY": "AIzaSyDa_WXAkScd7rPp5iEbWhPp5r-GKjtOTZw"
    },
    "codebase": "default",
    "runServiceId": "fetchnews",
    "cpu": 1,
    "securityLevel": "SECURE_ALWAYS",
    "targetedByOnly": false,
    "hash": "d762e82b04c98234fc6c8b94de03c17e0d0dc0f9"
  },
  "op": "update",
  "original": {
    "name": "FirebaseError",
    "children": [],
    "exit": 1,
    "message": "Could not create or update Cloud Run service fetchnews, Container Healthcheck failed. Revision 'fetchnews-00059-nuv' is not ready and cannot serve traffic. The user-provided container failed to start and listen on the port defined provided by the PORT=8080 environment variable within the allocated timeout. This can happen when the container port is misconfigured or if the timeout is too short. The healtcheck timeout can be extended. Logs for this revision might contain more information.\n\nLogs URL: https://console.cloud.google.com/logs/viewer?project=theredline-jn&resource=cloud_run_revision/service_name/fetchnews/revision_name/fetchnews-00059-nuv&advancedFilter=resource.type%3D%22cloud_run_revision%22%0Aresource.labels.service_name%3D%22fetchnews%22%0Aresource.labels.revision_name%3D%22fetchnews-00059-nuv%22 \nFor more troubleshooting guidance, see https://cloud.google.com/run/docs/troubleshooting#container-failed-to-start",
    "original": {
      "code": 3,
      "message": "Could not create or update Cloud Run service fetchnews, Container Healthcheck failed. Revision 'fetchnews-00059-nuv' is not ready and cannot serve traffic. The user-provided container failed to start and listen on the port defined provided by the PORT=8080 environment variable within the allocated timeout. This can happen when the container port is misconfigured or if the timeout is too short. The healtcheck timeout can be extended. Logs for this revision might contain more information.\n\nLogs URL: https://console.cloud.google.com/logs/viewer?project=theredline-jn&resource=cloud_run_revision/service_name/fetchnews/revision_name/fetchnews-00059-nuv&advancedFilter=resource.type%3D%22cloud_run_revision%22%0Aresource.labels.service_name%3D%22fetchnews%22%0Aresource.labels.revision_name%3D%22fetchnews-00059-nuv%22 \nFor more troubleshooting guidance, see https://cloud.google.com/run/docs/troubleshooting#container-failed-to-start"
    },
    "status": 3,
    "code": 3
  }
}
[debug] [2024-11-02T18:18:16.382Z] Error: Failed to update function fetchNews in region us-central1
    at /usr/local/lib/node_modules/firebase-tools/lib/deploy/functions/release/fabricator.js:399:19
    at process.processTicksAndRejections (node:internal/process/task_queues:105:5)
    at async Fabricator.updateV2Function (/usr/local/lib/node_modules/firebase-tools/lib/deploy/functions/release/fabricator.js:388:32)
    at async Fabricator.updateEndpoint (/usr/local/lib/node_modules/firebase-tools/lib/deploy/functions/release/fabricator.js:155:13)
    at async handle (/usr/local/lib/node_modules/firebase-tools/lib/deploy/functions/release/fabricator.js:89:17)
[error] 
[error] Error: There was an error deploying functions
